{"C:\\git\\jatasets\\jatasets\\index.js":{"path":"C:\\git\\jatasets\\jatasets\\index.js","s":{"1":1,"2":1,"3":1,"4":1,"5":1,"6":1,"7":1,"8":1,"9":1,"10":1,"11":1,"12":1,"13":2,"14":1,"15":1},"b":{},"f":{"1":1,"2":1,"3":1,"4":2,"5":1},"fnMap":{"1":{"name":"(anonymous_1)","line":17,"loc":{"start":{"line":17,"column":21},"end":{"line":17,"column":32}}},"2":{"name":"(anonymous_2)","line":22,"loc":{"start":{"line":22,"column":16},"end":{"line":22,"column":27}}},"3":{"name":"(anonymous_3)","line":27,"loc":{"start":{"line":27,"column":15},"end":{"line":27,"column":26}}},"4":{"name":"(anonymous_4)","line":32,"loc":{"start":{"line":32,"column":14},"end":{"line":32,"column":25}}},"5":{"name":"(anonymous_5)","line":37,"loc":{"start":{"line":37,"column":16},"end":{"line":37,"column":27}}}},"statementMap":{"1":{"start":{"line":8,"column":0},"end":{"line":8,"column":41}},"2":{"start":{"line":9,"column":0},"end":{"line":9,"column":31}},"3":{"start":{"line":10,"column":0},"end":{"line":10,"column":29}},"4":{"start":{"line":11,"column":0},"end":{"line":11,"column":27}},"5":{"start":{"line":12,"column":0},"end":{"line":12,"column":31}},"6":{"start":{"line":17,"column":0},"end":{"line":19,"column":2}},"7":{"start":{"line":18,"column":1},"end":{"line":18,"column":28}},"8":{"start":{"line":22,"column":0},"end":{"line":24,"column":2}},"9":{"start":{"line":23,"column":1},"end":{"line":23,"column":23}},"10":{"start":{"line":27,"column":0},"end":{"line":29,"column":2}},"11":{"start":{"line":28,"column":1},"end":{"line":28,"column":22}},"12":{"start":{"line":32,"column":0},"end":{"line":34,"column":2}},"13":{"start":{"line":33,"column":1},"end":{"line":33,"column":21}},"14":{"start":{"line":37,"column":0},"end":{"line":39,"column":2}},"15":{"start":{"line":38,"column":1},"end":{"line":38,"column":23}}},"branchMap":{}},"C:\\git\\jatasets\\jatasets\\dictionary.js":{"path":"C:\\git\\jatasets\\jatasets\\dictionary.js","s":{"1":1,"2":1,"3":1,"4":1,"5":4,"6":3,"7":3,"8":3,"9":1,"10":1,"11":4,"12":3,"13":3,"14":3,"15":1,"16":1,"17":6,"18":5,"19":1,"20":1,"21":0,"22":0,"23":0,"24":0,"25":0,"26":0,"27":1,"28":0,"29":1,"30":0,"31":0,"32":0,"33":0,"34":1,"35":1},"b":{"1":[3,1],"2":[3,1],"3":[5,1],"4":[0,0],"5":[0,0]},"f":{"1":1,"2":4,"3":4,"4":6,"5":0,"6":0,"7":0,"8":1},"fnMap":{"1":{"name":"Dictionary","line":9,"loc":{"start":{"line":9,"column":0},"end":{"line":10,"column":0}}},"2":{"name":"(anonymous_2)","line":26,"loc":{"start":{"line":26,"column":27},"end":{"line":27,"column":0}}},"3":{"name":"(anonymous_3)","line":45,"loc":{"start":{"line":45,"column":30},"end":{"line":46,"column":0}}},"4":{"name":"(anonymous_4)","line":64,"loc":{"start":{"line":64,"column":28},"end":{"line":65,"column":0}}},"5":{"name":"(anonymous_5)","line":80,"loc":{"start":{"line":80,"column":31},"end":{"line":81,"column":0}}},"6":{"name":"(anonymous_6)","line":104,"loc":{"start":{"line":104,"column":29},"end":{"line":105,"column":0}}},"7":{"name":"(anonymous_7)","line":114,"loc":{"start":{"line":114,"column":29},"end":{"line":115,"column":0}}},"8":{"name":"(anonymous_8)","line":125,"loc":{"start":{"line":125,"column":17},"end":{"line":125,"column":28}}}},"statementMap":{"1":{"start":{"line":9,"column":0},"end":{"line":16,"column":1}},"2":{"start":{"line":12,"column":1},"end":{"line":12,"column":21}},"3":{"start":{"line":15,"column":1},"end":{"line":15,"column":16}},"4":{"start":{"line":26,"column":0},"end":{"line":36,"column":2}},"5":{"start":{"line":28,"column":1},"end":{"line":33,"column":2}},"6":{"start":{"line":30,"column":2},"end":{"line":30,"column":30}},"7":{"start":{"line":31,"column":2},"end":{"line":31,"column":15}},"8":{"start":{"line":32,"column":2},"end":{"line":32,"column":14}},"9":{"start":{"line":35,"column":1},"end":{"line":35,"column":14}},"10":{"start":{"line":45,"column":0},"end":{"line":55,"column":2}},"11":{"start":{"line":47,"column":1},"end":{"line":52,"column":2}},"12":{"start":{"line":49,"column":2},"end":{"line":49,"column":29}},"13":{"start":{"line":50,"column":2},"end":{"line":50,"column":15}},"14":{"start":{"line":51,"column":2},"end":{"line":51,"column":14}},"15":{"start":{"line":54,"column":1},"end":{"line":54,"column":14}},"16":{"start":{"line":64,"column":0},"end":{"line":72,"column":2}},"17":{"start":{"line":66,"column":1},"end":{"line":69,"column":2}},"18":{"start":{"line":68,"column":2},"end":{"line":68,"column":29}},"19":{"start":{"line":71,"column":1},"end":{"line":71,"column":14}},"20":{"start":{"line":80,"column":0},"end":{"line":97,"column":2}},"21":{"start":{"line":82,"column":1},"end":{"line":82,"column":17}},"22":{"start":{"line":84,"column":1},"end":{"line":94,"column":2}},"23":{"start":{"line":86,"column":2},"end":{"line":86,"column":61}},"24":{"start":{"line":90,"column":2},"end":{"line":93,"column":3}},"25":{"start":{"line":92,"column":3},"end":{"line":92,"column":48}},"26":{"start":{"line":96,"column":1},"end":{"line":96,"column":15}},"27":{"start":{"line":104,"column":0},"end":{"line":107,"column":2}},"28":{"start":{"line":106,"column":1},"end":{"line":106,"column":19}},"29":{"start":{"line":114,"column":0},"end":{"line":123,"column":2}},"30":{"start":{"line":116,"column":1},"end":{"line":120,"column":2}},"31":{"start":{"line":118,"column":2},"end":{"line":118,"column":22}},"32":{"start":{"line":119,"column":2},"end":{"line":119,"column":14}},"33":{"start":{"line":122,"column":1},"end":{"line":122,"column":14}},"34":{"start":{"line":125,"column":0},"end":{"line":127,"column":2}},"35":{"start":{"line":126,"column":1},"end":{"line":126,"column":25}}},"branchMap":{"1":{"line":28,"type":"if","locations":[{"start":{"line":28,"column":1},"end":{"line":28,"column":1}},{"start":{"line":28,"column":1},"end":{"line":28,"column":1}}]},"2":{"line":47,"type":"if","locations":[{"start":{"line":47,"column":1},"end":{"line":47,"column":1}},{"start":{"line":47,"column":1},"end":{"line":47,"column":1}}]},"3":{"line":66,"type":"if","locations":[{"start":{"line":66,"column":1},"end":{"line":66,"column":1}},{"start":{"line":66,"column":1},"end":{"line":66,"column":1}}]},"4":{"line":84,"type":"if","locations":[{"start":{"line":84,"column":1},"end":{"line":84,"column":1}},{"start":{"line":84,"column":1},"end":{"line":84,"column":1}}]},"5":{"line":116,"type":"if","locations":[{"start":{"line":116,"column":1},"end":{"line":116,"column":1}},{"start":{"line":116,"column":1},"end":{"line":116,"column":1}}]}}},"C:\\git\\jatasets\\jatasets\\queue.js":{"path":"C:\\git\\jatasets\\jatasets\\queue.js","s":{"1":1,"2":1,"3":1,"4":1,"5":1,"6":4,"7":3,"8":3,"9":3,"10":3,"11":1,"12":1,"13":3,"14":3,"15":3,"16":0,"17":1,"18":2,"19":2,"20":0,"21":1,"22":2,"23":1,"24":4,"25":2,"26":2,"27":1,"28":2,"29":2,"30":5,"31":2,"32":1,"33":1},"b":{"1":[3,1],"2":[3,0],"3":[2,0],"4":[2,2]},"f":{"1":1,"2":4,"3":3,"4":2,"5":2,"6":4,"7":2,"8":1},"fnMap":{"1":{"name":"(anonymous_1)","line":9,"loc":{"start":{"line":9,"column":12},"end":{"line":9,"column":23}}},"2":{"name":"(anonymous_2)","line":30,"loc":{"start":{"line":30,"column":26},"end":{"line":31,"column":0}}},"3":{"name":"(anonymous_3)","line":51,"loc":{"start":{"line":51,"column":26},"end":{"line":52,"column":0}}},"4":{"name":"(anonymous_4)","line":68,"loc":{"start":{"line":68,"column":24},"end":{"line":69,"column":0}}},"5":{"name":"(anonymous_5)","line":86,"loc":{"start":{"line":86,"column":23},"end":{"line":87,"column":0}}},"6":{"name":"(anonymous_6)","line":97,"loc":{"start":{"line":97,"column":24},"end":{"line":98,"column":0}}},"7":{"name":"(anonymous_7)","line":114,"loc":{"start":{"line":114,"column":27},"end":{"line":115,"column":0}}},"8":{"name":"(anonymous_8)","line":126,"loc":{"start":{"line":126,"column":17},"end":{"line":126,"column":28}}}},"statementMap":{"1":{"start":{"line":9,"column":0},"end":{"line":19,"column":2}},"2":{"start":{"line":12,"column":1},"end":{"line":12,"column":21}},"3":{"start":{"line":15,"column":1},"end":{"line":15,"column":16}},"4":{"start":{"line":18,"column":1},"end":{"line":18,"column":17}},"5":{"start":{"line":30,"column":0},"end":{"line":41,"column":2}},"6":{"start":{"line":32,"column":1},"end":{"line":38,"column":2}},"7":{"start":{"line":34,"column":2},"end":{"line":34,"column":31}},"8":{"start":{"line":35,"column":2},"end":{"line":35,"column":15}},"9":{"start":{"line":36,"column":2},"end":{"line":36,"column":16}},"10":{"start":{"line":37,"column":2},"end":{"line":37,"column":21}},"11":{"start":{"line":40,"column":1},"end":{"line":40,"column":14}},"12":{"start":{"line":51,"column":0},"end":{"line":60,"column":2}},"13":{"start":{"line":53,"column":1},"end":{"line":57,"column":2}},"14":{"start":{"line":55,"column":2},"end":{"line":55,"column":15}},"15":{"start":{"line":56,"column":2},"end":{"line":56,"column":32}},"16":{"start":{"line":59,"column":1},"end":{"line":59,"column":14}},"17":{"start":{"line":68,"column":0},"end":{"line":78,"column":2}},"18":{"start":{"line":70,"column":1},"end":{"line":77,"column":2}},"19":{"start":{"line":72,"column":2},"end":{"line":72,"column":27}},"20":{"start":{"line":76,"column":2},"end":{"line":76,"column":11}},"21":{"start":{"line":86,"column":0},"end":{"line":89,"column":2}},"22":{"start":{"line":88,"column":1},"end":{"line":88,"column":50}},"23":{"start":{"line":97,"column":0},"end":{"line":105,"column":2}},"24":{"start":{"line":99,"column":1},"end":{"line":102,"column":2}},"25":{"start":{"line":101,"column":2},"end":{"line":101,"column":14}},"26":{"start":{"line":104,"column":1},"end":{"line":104,"column":14}},"27":{"start":{"line":114,"column":0},"end":{"line":124,"column":2}},"28":{"start":{"line":116,"column":1},"end":{"line":116,"column":17}},"29":{"start":{"line":118,"column":1},"end":{"line":121,"column":2}},"30":{"start":{"line":120,"column":2},"end":{"line":120,"column":37}},"31":{"start":{"line":123,"column":1},"end":{"line":123,"column":15}},"32":{"start":{"line":126,"column":0},"end":{"line":128,"column":2}},"33":{"start":{"line":127,"column":1},"end":{"line":127,"column":20}}},"branchMap":{"1":{"line":32,"type":"if","locations":[{"start":{"line":32,"column":1},"end":{"line":32,"column":1}},{"start":{"line":32,"column":1},"end":{"line":32,"column":1}}]},"2":{"line":53,"type":"if","locations":[{"start":{"line":53,"column":1},"end":{"line":53,"column":1}},{"start":{"line":53,"column":1},"end":{"line":53,"column":1}}]},"3":{"line":70,"type":"if","locations":[{"start":{"line":70,"column":1},"end":{"line":70,"column":1}},{"start":{"line":70,"column":1},"end":{"line":70,"column":1}}]},"4":{"line":99,"type":"if","locations":[{"start":{"line":99,"column":1},"end":{"line":99,"column":1}},{"start":{"line":99,"column":1},"end":{"line":99,"column":1}}]}}},"C:\\git\\jatasets\\jatasets\\list.js":{"path":"C:\\git\\jatasets\\jatasets\\list.js","s":{"1":1,"2":1,"3":1,"4":1,"5":1,"6":8,"7":8,"8":1,"9":12,"10":45,"11":2,"12":10,"13":1,"14":1,"15":1,"16":1,"17":1,"18":1,"19":1,"20":1,"21":1,"22":9,"23":8,"24":8,"25":0,"26":0,"27":0,"28":8,"29":1,"30":1,"31":2,"32":2,"33":1,"34":1,"35":1,"36":1,"37":1,"38":1,"39":1,"40":1,"41":1,"42":1,"43":1,"44":2,"45":1,"46":1,"47":1,"48":1,"49":2,"50":1,"51":1,"52":1,"53":1,"54":12,"55":1,"56":3,"57":1,"58":3,"59":1,"60":1,"61":2,"62":1,"63":2,"64":1,"65":2,"66":1,"67":1,"68":1,"69":1},"b":{"1":[2,43],"2":[8,1],"3":[0,8],"4":[1,1],"5":[1,1],"6":[1,1],"7":[1,2],"8":[3,2],"9":[1,1]},"f":{"1":1,"2":8,"3":12,"4":1,"5":1,"6":1,"7":9,"8":2,"9":1,"10":1,"11":2,"12":2,"13":12,"14":3,"15":3,"16":2,"17":2,"18":1},"fnMap":{"1":{"name":"List","line":9,"loc":{"start":{"line":9,"column":0},"end":{"line":9,"column":16}}},"2":{"name":"(anonymous_2)","line":29,"loc":{"start":{"line":29,"column":15},"end":{"line":30,"column":1}}},"3":{"name":"(anonymous_3)","line":45,"loc":{"start":{"line":45,"column":13},"end":{"line":46,"column":1}}},"4":{"name":"(anonymous_4)","line":67,"loc":{"start":{"line":67,"column":23},"end":{"line":68,"column":0}}},"5":{"name":"(anonymous_5)","line":81,"loc":{"start":{"line":81,"column":26},"end":{"line":82,"column":0}}},"6":{"name":"(anonymous_6)","line":93,"loc":{"start":{"line":93,"column":24},"end":{"line":94,"column":0}}},"7":{"name":"(anonymous_7)","line":108,"loc":{"start":{"line":108,"column":24},"end":{"line":109,"column":0}}},"8":{"name":"(anonymous_8)","line":137,"loc":{"start":{"line":137,"column":24},"end":{"line":138,"column":0}}},"9":{"name":"(anonymous_9)","line":158,"loc":{"start":{"line":158,"column":23},"end":{"line":159,"column":0}}},"10":{"name":"(anonymous_10)","line":171,"loc":{"start":{"line":171,"column":21},"end":{"line":172,"column":0}}},"11":{"name":"(anonymous_11)","line":184,"loc":{"start":{"line":184,"column":22},"end":{"line":185,"column":0}}},"12":{"name":"(anonymous_12)","line":202,"loc":{"start":{"line":202,"column":22},"end":{"line":203,"column":0}}},"13":{"name":"(anonymous_13)","line":220,"loc":{"start":{"line":220,"column":24},"end":{"line":221,"column":0}}},"14":{"name":"(anonymous_14)","line":232,"loc":{"start":{"line":232,"column":25},"end":{"line":233,"column":0}}},"15":{"name":"(anonymous_15)","line":247,"loc":{"start":{"line":247,"column":22},"end":{"line":248,"column":0}}},"16":{"name":"(anonymous_16)","line":265,"loc":{"start":{"line":265,"column":28},"end":{"line":266,"column":0}}},"17":{"name":"(anonymous_17)","line":279,"loc":{"start":{"line":279,"column":26},"end":{"line":280,"column":0}}},"18":{"name":"(anonymous_18)","line":289,"loc":{"start":{"line":289,"column":17},"end":{"line":289,"column":28}}}},"statementMap":{"1":{"start":{"line":9,"column":0},"end":{"line":58,"column":1}},"2":{"start":{"line":12,"column":1},"end":{"line":12,"column":19}},"3":{"start":{"line":15,"column":1},"end":{"line":15,"column":14}},"4":{"start":{"line":18,"column":1},"end":{"line":18,"column":21}},"5":{"start":{"line":29,"column":1},"end":{"line":33,"column":3}},"6":{"start":{"line":31,"column":2},"end":{"line":31,"column":44}},"7":{"start":{"line":32,"column":2},"end":{"line":32,"column":14}},"8":{"start":{"line":45,"column":1},"end":{"line":56,"column":3}},"9":{"start":{"line":47,"column":2},"end":{"line":53,"column":3}},"10":{"start":{"line":49,"column":3},"end":{"line":52,"column":4}},"11":{"start":{"line":51,"column":4},"end":{"line":51,"column":13}},"12":{"start":{"line":55,"column":2},"end":{"line":55,"column":12}},"13":{"start":{"line":67,"column":0},"end":{"line":72,"column":2}},"14":{"start":{"line":69,"column":1},"end":{"line":69,"column":21}},"15":{"start":{"line":70,"column":1},"end":{"line":70,"column":30}},"16":{"start":{"line":71,"column":1},"end":{"line":71,"column":13}},"17":{"start":{"line":81,"column":0},"end":{"line":84,"column":2}},"18":{"start":{"line":83,"column":1},"end":{"line":83,"column":33}},"19":{"start":{"line":93,"column":0},"end":{"line":96,"column":2}},"20":{"start":{"line":95,"column":1},"end":{"line":95,"column":39}},"21":{"start":{"line":108,"column":0},"end":{"line":126,"column":2}},"22":{"start":{"line":110,"column":1},"end":{"line":123,"column":2}},"23":{"start":{"line":112,"column":2},"end":{"line":112,"column":34}},"24":{"start":{"line":113,"column":2},"end":{"line":122,"column":3}},"25":{"start":{"line":115,"column":3},"end":{"line":115,"column":51}},"26":{"start":{"line":116,"column":3},"end":{"line":116,"column":19}},"27":{"start":{"line":117,"column":3},"end":{"line":117,"column":15}},"28":{"start":{"line":121,"column":3},"end":{"line":121,"column":31}},"29":{"start":{"line":125,"column":1},"end":{"line":125,"column":14}},"30":{"start":{"line":137,"column":0},"end":{"line":149,"column":2}},"31":{"start":{"line":139,"column":1},"end":{"line":139,"column":35}},"32":{"start":{"line":141,"column":1},"end":{"line":146,"column":2}},"33":{"start":{"line":143,"column":2},"end":{"line":143,"column":37}},"34":{"start":{"line":144,"column":2},"end":{"line":144,"column":18}},"35":{"start":{"line":145,"column":2},"end":{"line":145,"column":14}},"36":{"start":{"line":148,"column":1},"end":{"line":148,"column":14}},"37":{"start":{"line":158,"column":0},"end":{"line":162,"column":2}},"38":{"start":{"line":160,"column":1},"end":{"line":160,"column":14}},"39":{"start":{"line":161,"column":1},"end":{"line":161,"column":17}},"40":{"start":{"line":171,"column":0},"end":{"line":175,"column":2}},"41":{"start":{"line":173,"column":1},"end":{"line":173,"column":30}},"42":{"start":{"line":174,"column":1},"end":{"line":174,"column":17}},"43":{"start":{"line":184,"column":0},"end":{"line":193,"column":2}},"44":{"start":{"line":186,"column":1},"end":{"line":190,"column":2}},"45":{"start":{"line":188,"column":2},"end":{"line":188,"column":13}},"46":{"start":{"line":189,"column":2},"end":{"line":189,"column":18}},"47":{"start":{"line":192,"column":1},"end":{"line":192,"column":14}},"48":{"start":{"line":202,"column":0},"end":{"line":211,"column":2}},"49":{"start":{"line":204,"column":1},"end":{"line":208,"column":2}},"50":{"start":{"line":206,"column":2},"end":{"line":206,"column":13}},"51":{"start":{"line":207,"column":2},"end":{"line":207,"column":18}},"52":{"start":{"line":210,"column":1},"end":{"line":210,"column":14}},"53":{"start":{"line":220,"column":0},"end":{"line":223,"column":2}},"54":{"start":{"line":222,"column":1},"end":{"line":222,"column":22}},"55":{"start":{"line":232,"column":0},"end":{"line":235,"column":2}},"56":{"start":{"line":234,"column":1},"end":{"line":234,"column":17}},"57":{"start":{"line":247,"column":0},"end":{"line":256,"column":2}},"58":{"start":{"line":249,"column":1},"end":{"line":253,"column":2}},"59":{"start":{"line":251,"column":2},"end":{"line":251,"column":22}},"60":{"start":{"line":252,"column":2},"end":{"line":252,"column":14}},"61":{"start":{"line":255,"column":1},"end":{"line":255,"column":14}},"62":{"start":{"line":265,"column":0},"end":{"line":268,"column":2}},"63":{"start":{"line":267,"column":1},"end":{"line":267,"column":33}},"64":{"start":{"line":279,"column":0},"end":{"line":287,"column":2}},"65":{"start":{"line":281,"column":1},"end":{"line":284,"column":2}},"66":{"start":{"line":283,"column":2},"end":{"line":283,"column":14}},"67":{"start":{"line":286,"column":1},"end":{"line":286,"column":14}},"68":{"start":{"line":289,"column":0},"end":{"line":291,"column":2}},"69":{"start":{"line":290,"column":1},"end":{"line":290,"column":19}}},"branchMap":{"1":{"line":49,"type":"if","locations":[{"start":{"line":49,"column":3},"end":{"line":49,"column":3}},{"start":{"line":49,"column":3},"end":{"line":49,"column":3}}]},"2":{"line":110,"type":"if","locations":[{"start":{"line":110,"column":1},"end":{"line":110,"column":1}},{"start":{"line":110,"column":1},"end":{"line":110,"column":1}}]},"3":{"line":113,"type":"if","locations":[{"start":{"line":113,"column":2},"end":{"line":113,"column":2}},{"start":{"line":113,"column":2},"end":{"line":113,"column":2}}]},"4":{"line":141,"type":"if","locations":[{"start":{"line":141,"column":1},"end":{"line":141,"column":1}},{"start":{"line":141,"column":1},"end":{"line":141,"column":1}}]},"5":{"line":186,"type":"if","locations":[{"start":{"line":186,"column":1},"end":{"line":186,"column":1}},{"start":{"line":186,"column":1},"end":{"line":186,"column":1}}]},"6":{"line":204,"type":"if","locations":[{"start":{"line":204,"column":1},"end":{"line":204,"column":1}},{"start":{"line":204,"column":1},"end":{"line":204,"column":1}}]},"7":{"line":249,"type":"if","locations":[{"start":{"line":249,"column":1},"end":{"line":249,"column":1}},{"start":{"line":249,"column":1},"end":{"line":249,"column":1}}]},"8":{"line":249,"type":"binary-expr","locations":[{"start":{"line":249,"column":5},"end":{"line":249,"column":17}},{"start":{"line":249,"column":21},"end":{"line":249,"column":51}}]},"9":{"line":281,"type":"if","locations":[{"start":{"line":281,"column":1},"end":{"line":281,"column":1}},{"start":{"line":281,"column":1},"end":{"line":281,"column":1}}]}}},"C:\\git\\jatasets\\jatasets\\set.js":{"path":"C:\\git\\jatasets\\jatasets\\set.js","s":{"1":1,"2":2,"3":2,"4":4,"5":1,"6":4,"7":3,"8":3,"9":1,"10":1,"11":0,"12":0,"13":0,"14":0,"15":1,"16":0,"17":1,"18":0,"19":0,"20":1,"21":5,"22":5,"23":8,"24":8,"25":5,"26":1,"27":0,"28":0,"29":0,"30":0,"31":1,"32":0,"33":0,"34":0,"35":0,"36":0,"37":0,"38":0,"39":0,"40":0,"41":0,"42":1,"43":0,"44":0,"45":0,"46":0,"47":0,"48":0,"49":0,"50":1,"51":0,"52":0,"53":0,"54":0,"55":0,"56":0,"57":0,"58":1,"59":0,"60":0,"61":0,"62":0,"63":0,"64":0,"65":0,"66":0,"67":1,"68":2},"b":{"1":[3,1],"2":[0,0],"3":[8,0],"4":[0,0],"5":[0,0],"6":[0,0],"7":[0,0]},"f":{"1":2,"2":4,"3":4,"4":0,"5":0,"6":0,"7":5,"8":0,"9":0,"10":0,"11":0,"12":0,"13":2},"fnMap":{"1":{"name":"(anonymous_1)","line":9,"loc":{"start":{"line":9,"column":10},"end":{"line":9,"column":20}}},"2":{"name":"(anonymous_2)","line":20,"loc":{"start":{"line":20,"column":15},"end":{"line":21,"column":1}}},"3":{"name":"(anonymous_3)","line":35,"loc":{"start":{"line":35,"column":20},"end":{"line":36,"column":0}}},"4":{"name":"(anonymous_4)","line":53,"loc":{"start":{"line":53,"column":23},"end":{"line":54,"column":0}}},"5":{"name":"(anonymous_5)","line":71,"loc":{"start":{"line":71,"column":20},"end":{"line":72,"column":0}}},"6":{"name":"(anonymous_6)","line":81,"loc":{"start":{"line":81,"column":22},"end":{"line":82,"column":0}}},"7":{"name":"(anonymous_7)","line":92,"loc":{"start":{"line":92,"column":21},"end":{"line":93,"column":0}}},"8":{"name":"(anonymous_8)","line":113,"loc":{"start":{"line":113,"column":23},"end":{"line":114,"column":0}}},"9":{"name":"(anonymous_9)","line":131,"loc":{"start":{"line":131,"column":22},"end":{"line":132,"column":0}}},"10":{"name":"(anonymous_10)","line":160,"loc":{"start":{"line":160,"column":29},"end":{"line":161,"column":0}}},"11":{"name":"(anonymous_11)","line":184,"loc":{"start":{"line":184,"column":27},"end":{"line":185,"column":0}}},"12":{"name":"(anonymous_12)","line":208,"loc":{"start":{"line":208,"column":23},"end":{"line":209,"column":0}}},"13":{"name":"(anonymous_13)","line":231,"loc":{"start":{"line":231,"column":17},"end":{"line":231,"column":28}}}},"statementMap":{"1":{"start":{"line":9,"column":0},"end":{"line":25,"column":2}},"2":{"start":{"line":12,"column":1},"end":{"line":12,"column":17}},"3":{"start":{"line":20,"column":1},"end":{"line":23,"column":3}},"4":{"start":{"line":22,"column":2},"end":{"line":22,"column":42}},"5":{"start":{"line":35,"column":0},"end":{"line":44,"column":2}},"6":{"start":{"line":37,"column":1},"end":{"line":41,"column":2}},"7":{"start":{"line":39,"column":2},"end":{"line":39,"column":28}},"8":{"start":{"line":40,"column":2},"end":{"line":40,"column":14}},"9":{"start":{"line":43,"column":1},"end":{"line":43,"column":14}},"10":{"start":{"line":53,"column":0},"end":{"line":62,"column":2}},"11":{"start":{"line":55,"column":1},"end":{"line":59,"column":2}},"12":{"start":{"line":57,"column":2},"end":{"line":57,"column":27}},"13":{"start":{"line":58,"column":2},"end":{"line":58,"column":14}},"14":{"start":{"line":61,"column":1},"end":{"line":61,"column":14}},"15":{"start":{"line":71,"column":0},"end":{"line":74,"column":2}},"16":{"start":{"line":73,"column":1},"end":{"line":73,"column":27}},"17":{"start":{"line":81,"column":0},"end":{"line":85,"column":2}},"18":{"start":{"line":83,"column":1},"end":{"line":83,"column":17}},"19":{"start":{"line":84,"column":1},"end":{"line":84,"column":13}},"20":{"start":{"line":92,"column":0},"end":{"line":105,"column":2}},"21":{"start":{"line":94,"column":1},"end":{"line":94,"column":15}},"22":{"start":{"line":96,"column":1},"end":{"line":102,"column":2}},"23":{"start":{"line":98,"column":2},"end":{"line":101,"column":3}},"24":{"start":{"line":100,"column":3},"end":{"line":100,"column":11}},"25":{"start":{"line":104,"column":1},"end":{"line":104,"column":14}},"26":{"start":{"line":113,"column":0},"end":{"line":123,"column":2}},"27":{"start":{"line":115,"column":1},"end":{"line":115,"column":15}},"28":{"start":{"line":117,"column":1},"end":{"line":120,"column":2}},"29":{"start":{"line":119,"column":2},"end":{"line":119,"column":17}},"30":{"start":{"line":122,"column":1},"end":{"line":122,"column":13}},"31":{"start":{"line":131,"column":0},"end":{"line":152,"column":2}},"32":{"start":{"line":133,"column":1},"end":{"line":133,"column":26}},"33":{"start":{"line":135,"column":1},"end":{"line":135,"column":28}},"34":{"start":{"line":136,"column":1},"end":{"line":136,"column":28}},"35":{"start":{"line":138,"column":1},"end":{"line":141,"column":2}},"36":{"start":{"line":140,"column":2},"end":{"line":140,"column":26}},"37":{"start":{"line":143,"column":1},"end":{"line":143,"column":30}},"38":{"start":{"line":144,"column":1},"end":{"line":144,"column":28}},"39":{"start":{"line":146,"column":1},"end":{"line":149,"column":2}},"40":{"start":{"line":148,"column":2},"end":{"line":148,"column":26}},"41":{"start":{"line":151,"column":1},"end":{"line":151,"column":17}},"42":{"start":{"line":160,"column":0},"end":{"line":176,"column":2}},"43":{"start":{"line":162,"column":1},"end":{"line":162,"column":33}},"44":{"start":{"line":164,"column":1},"end":{"line":164,"column":28}},"45":{"start":{"line":165,"column":1},"end":{"line":165,"column":28}},"46":{"start":{"line":167,"column":1},"end":{"line":173,"column":2}},"47":{"start":{"line":169,"column":2},"end":{"line":172,"column":3}},"48":{"start":{"line":171,"column":3},"end":{"line":171,"column":34}},"49":{"start":{"line":175,"column":1},"end":{"line":175,"column":24}},"50":{"start":{"line":184,"column":0},"end":{"line":200,"column":2}},"51":{"start":{"line":186,"column":1},"end":{"line":186,"column":31}},"52":{"start":{"line":188,"column":1},"end":{"line":188,"column":28}},"53":{"start":{"line":189,"column":1},"end":{"line":189,"column":28}},"54":{"start":{"line":191,"column":1},"end":{"line":197,"column":2}},"55":{"start":{"line":193,"column":2},"end":{"line":196,"column":3}},"56":{"start":{"line":195,"column":3},"end":{"line":195,"column":32}},"57":{"start":{"line":199,"column":1},"end":{"line":199,"column":22}},"58":{"start":{"line":208,"column":0},"end":{"line":229,"column":2}},"59":{"start":{"line":210,"column":1},"end":{"line":228,"column":2}},"60":{"start":{"line":212,"column":2},"end":{"line":212,"column":15}},"61":{"start":{"line":216,"column":2},"end":{"line":216,"column":29}},"62":{"start":{"line":217,"column":2},"end":{"line":217,"column":29}},"63":{"start":{"line":219,"column":2},"end":{"line":225,"column":3}},"64":{"start":{"line":221,"column":3},"end":{"line":224,"column":4}},"65":{"start":{"line":223,"column":4},"end":{"line":223,"column":17}},"66":{"start":{"line":227,"column":2},"end":{"line":227,"column":14}},"67":{"start":{"line":231,"column":0},"end":{"line":233,"column":2}},"68":{"start":{"line":232,"column":1},"end":{"line":232,"column":18}}},"branchMap":{"1":{"line":37,"type":"if","locations":[{"start":{"line":37,"column":1},"end":{"line":37,"column":1}},{"start":{"line":37,"column":1},"end":{"line":37,"column":1}}]},"2":{"line":55,"type":"if","locations":[{"start":{"line":55,"column":1},"end":{"line":55,"column":1}},{"start":{"line":55,"column":1},"end":{"line":55,"column":1}}]},"3":{"line":98,"type":"if","locations":[{"start":{"line":98,"column":2},"end":{"line":98,"column":2}},{"start":{"line":98,"column":2},"end":{"line":98,"column":2}}]},"4":{"line":169,"type":"if","locations":[{"start":{"line":169,"column":2},"end":{"line":169,"column":2}},{"start":{"line":169,"column":2},"end":{"line":169,"column":2}}]},"5":{"line":193,"type":"if","locations":[{"start":{"line":193,"column":2},"end":{"line":193,"column":2}},{"start":{"line":193,"column":2},"end":{"line":193,"column":2}}]},"6":{"line":210,"type":"if","locations":[{"start":{"line":210,"column":1},"end":{"line":210,"column":1}},{"start":{"line":210,"column":1},"end":{"line":210,"column":1}}]},"7":{"line":221,"type":"if","locations":[{"start":{"line":221,"column":3},"end":{"line":221,"column":3}},{"start":{"line":221,"column":3},"end":{"line":221,"column":3}}]}}},"C:\\git\\jatasets\\jatasets\\stack.js":{"path":"C:\\git\\jatasets\\jatasets\\stack.js","s":{"1":1,"2":1,"3":1,"4":1,"5":1,"6":1,"7":1,"8":0,"9":1,"10":4,"11":1,"12":8,"13":7,"14":7,"15":1,"16":1,"17":14,"18":1,"19":1},"b":{"1":[7,1]},"f":{"1":1,"2":1,"3":0,"4":4,"5":8,"6":14,"7":1},"fnMap":{"1":{"name":"(anonymous_1)","line":9,"loc":{"start":{"line":9,"column":12},"end":{"line":9,"column":23}}},"2":{"name":"(anonymous_2)","line":24,"loc":{"start":{"line":24,"column":24},"end":{"line":25,"column":0}}},"3":{"name":"(anonymous_3)","line":35,"loc":{"start":{"line":35,"column":23},"end":{"line":36,"column":0}}},"4":{"name":"(anonymous_4)","line":45,"loc":{"start":{"line":45,"column":22},"end":{"line":46,"column":0}}},"5":{"name":"(anonymous_5)","line":57,"loc":{"start":{"line":57,"column":23},"end":{"line":58,"column":0}}},"6":{"name":"(anonymous_6)","line":73,"loc":{"start":{"line":73,"column":25},"end":{"line":74,"column":0}}},"7":{"name":"(anonymous_7)","line":78,"loc":{"start":{"line":78,"column":17},"end":{"line":78,"column":28}}}},"statementMap":{"1":{"start":{"line":9,"column":0},"end":{"line":17,"column":2}},"2":{"start":{"line":12,"column":1},"end":{"line":12,"column":14}},"3":{"start":{"line":15,"column":1},"end":{"line":15,"column":21}},"4":{"start":{"line":24,"column":0},"end":{"line":28,"column":2}},"5":{"start":{"line":26,"column":1},"end":{"line":26,"column":14}},"6":{"start":{"line":27,"column":1},"end":{"line":27,"column":13}},"7":{"start":{"line":35,"column":0},"end":{"line":38,"column":2}},"8":{"start":{"line":37,"column":1},"end":{"line":37,"column":37}},"9":{"start":{"line":45,"column":0},"end":{"line":48,"column":2}},"10":{"start":{"line":47,"column":1},"end":{"line":47,"column":35}},"11":{"start":{"line":57,"column":0},"end":{"line":66,"column":2}},"12":{"start":{"line":59,"column":1},"end":{"line":63,"column":2}},"13":{"start":{"line":61,"column":2},"end":{"line":61,"column":39}},"14":{"start":{"line":62,"column":2},"end":{"line":62,"column":14}},"15":{"start":{"line":65,"column":1},"end":{"line":65,"column":14}},"16":{"start":{"line":73,"column":0},"end":{"line":76,"column":2}},"17":{"start":{"line":75,"column":1},"end":{"line":75,"column":17}},"18":{"start":{"line":78,"column":0},"end":{"line":80,"column":2}},"19":{"start":{"line":79,"column":1},"end":{"line":79,"column":20}}},"branchMap":{"1":{"line":59,"type":"if","locations":[{"start":{"line":59,"column":1},"end":{"line":59,"column":1}},{"start":{"line":59,"column":1},"end":{"line":59,"column":1}}]}}}}