{"C:\\Users\\brian\\git\\jatasets\\src\\dictionary.js":{"path":"C:\\Users\\brian\\git\\jatasets\\src\\dictionary.js","s":{"1":1,"2":1,"3":1,"4":1,"5":5,"6":4,"7":4,"8":4,"9":1,"10":1,"11":4,"12":3,"13":3,"14":3,"15":1,"16":1,"17":6,"18":5,"19":1,"20":1,"21":8,"22":1,"23":1,"24":1,"25":1,"26":1,"27":0,"28":0,"29":0,"30":0,"31":1,"32":1},"b":{"1":[4,1],"2":[3,1],"3":[5,1]},"f":{"1":1,"2":5,"3":4,"4":6,"5":8,"6":1,"7":0,"8":1},"fnMap":{"1":{"name":"(anonymous_1)","line":17,"loc":{"start":{"line":17,"column":19},"end":{"line":18,"column":0}}},"2":{"name":"(anonymous_2)","line":35,"loc":{"start":{"line":35,"column":15},"end":{"line":36,"column":4}}},"3":{"name":"(anonymous_3)","line":56,"loc":{"start":{"line":56,"column":18},"end":{"line":57,"column":4}}},"4":{"name":"(anonymous_4)","line":77,"loc":{"start":{"line":77,"column":16},"end":{"line":78,"column":4}}},"5":{"name":"(anonymous_5)","line":94,"loc":{"start":{"line":94,"column":17},"end":{"line":95,"column":4}}},"6":{"name":"(anonymous_6)","line":106,"loc":{"start":{"line":106,"column":17},"end":{"line":107,"column":4}}},"7":{"name":"(anonymous_7)","line":120,"loc":{"start":{"line":120,"column":25},"end":{"line":121,"column":4}}},"8":{"name":"(anonymous_8)","line":134,"loc":{"start":{"line":134,"column":17},"end":{"line":134,"column":29}}}},"statementMap":{"1":{"start":{"line":17,"column":0},"end":{"line":132,"column":2}},"2":{"start":{"line":20,"column":4},"end":{"line":20,"column":23}},"3":{"start":{"line":23,"column":4},"end":{"line":23,"column":18}},"4":{"start":{"line":35,"column":4},"end":{"line":45,"column":6}},"5":{"start":{"line":37,"column":8},"end":{"line":42,"column":9}},"6":{"start":{"line":39,"column":12},"end":{"line":39,"column":35}},"7":{"start":{"line":40,"column":12},"end":{"line":40,"column":20}},"8":{"start":{"line":41,"column":12},"end":{"line":41,"column":24}},"9":{"start":{"line":44,"column":8},"end":{"line":44,"column":21}},"10":{"start":{"line":56,"column":4},"end":{"line":66,"column":6}},"11":{"start":{"line":58,"column":8},"end":{"line":63,"column":9}},"12":{"start":{"line":60,"column":12},"end":{"line":60,"column":34}},"13":{"start":{"line":61,"column":12},"end":{"line":61,"column":20}},"14":{"start":{"line":62,"column":12},"end":{"line":62,"column":24}},"15":{"start":{"line":65,"column":8},"end":{"line":65,"column":21}},"16":{"start":{"line":77,"column":4},"end":{"line":85,"column":6}},"17":{"start":{"line":79,"column":8},"end":{"line":82,"column":9}},"18":{"start":{"line":81,"column":12},"end":{"line":81,"column":34}},"19":{"start":{"line":84,"column":8},"end":{"line":84,"column":21}},"20":{"start":{"line":94,"column":4},"end":{"line":97,"column":6}},"21":{"start":{"line":96,"column":8},"end":{"line":96,"column":21}},"22":{"start":{"line":106,"column":4},"end":{"line":111,"column":6}},"23":{"start":{"line":108,"column":8},"end":{"line":108,"column":23}},"24":{"start":{"line":109,"column":8},"end":{"line":109,"column":18}},"25":{"start":{"line":110,"column":8},"end":{"line":110,"column":20}},"26":{"start":{"line":120,"column":4},"end":{"line":130,"column":6}},"27":{"start":{"line":122,"column":8},"end":{"line":122,"column":23}},"28":{"start":{"line":124,"column":8},"end":{"line":127,"column":9}},"29":{"start":{"line":126,"column":12},"end":{"line":126,"column":30}},"30":{"start":{"line":129,"column":8},"end":{"line":129,"column":21}},"31":{"start":{"line":134,"column":0},"end":{"line":136,"column":2}},"32":{"start":{"line":135,"column":4},"end":{"line":135,"column":28}}},"branchMap":{"1":{"line":37,"type":"if","locations":[{"start":{"line":37,"column":8},"end":{"line":37,"column":8}},{"start":{"line":37,"column":8},"end":{"line":37,"column":8}}]},"2":{"line":58,"type":"if","locations":[{"start":{"line":58,"column":8},"end":{"line":58,"column":8}},{"start":{"line":58,"column":8},"end":{"line":58,"column":8}}]},"3":{"line":79,"type":"if","locations":[{"start":{"line":79,"column":8},"end":{"line":79,"column":8}},{"start":{"line":79,"column":8},"end":{"line":79,"column":8}}]}}},"C:\\Users\\brian\\git\\jatasets\\src\\queue.js":{"path":"C:\\Users\\brian\\git\\jatasets\\src\\queue.js","s":{"1":1,"2":1,"3":1,"4":1,"5":1,"6":4,"7":3,"8":3,"9":3,"10":3,"11":1,"12":1,"13":4,"14":3,"15":3,"16":1,"17":1,"18":3,"19":2,"20":1,"21":1,"22":2,"23":1,"24":4,"25":2,"26":2,"27":1,"28":2,"29":2,"30":5,"31":2,"32":1,"33":1},"b":{"1":[3,1],"2":[3,1],"3":[2,1],"4":[2,2]},"f":{"1":1,"2":4,"3":4,"4":3,"5":2,"6":4,"7":2,"8":1},"fnMap":{"1":{"name":"(anonymous_1)","line":14,"loc":{"start":{"line":14,"column":14},"end":{"line":14,"column":26}}},"2":{"name":"(anonymous_2)","line":34,"loc":{"start":{"line":34,"column":19},"end":{"line":35,"column":4}}},"3":{"name":"(anonymous_3)","line":55,"loc":{"start":{"line":55,"column":19},"end":{"line":56,"column":4}}},"4":{"name":"(anonymous_4)","line":72,"loc":{"start":{"line":72,"column":17},"end":{"line":73,"column":4}}},"5":{"name":"(anonymous_5)","line":89,"loc":{"start":{"line":89,"column":16},"end":{"line":90,"column":4}}},"6":{"name":"(anonymous_6)","line":100,"loc":{"start":{"line":100,"column":17},"end":{"line":101,"column":4}}},"7":{"name":"(anonymous_7)","line":117,"loc":{"start":{"line":117,"column":20},"end":{"line":118,"column":4}}},"8":{"name":"(anonymous_8)","line":132,"loc":{"start":{"line":132,"column":17},"end":{"line":132,"column":29}}}},"statementMap":{"1":{"start":{"line":14,"column":0},"end":{"line":130,"column":2}},"2":{"start":{"line":17,"column":4},"end":{"line":17,"column":23}},"3":{"start":{"line":20,"column":4},"end":{"line":20,"column":18}},"4":{"start":{"line":23,"column":4},"end":{"line":23,"column":19}},"5":{"start":{"line":34,"column":4},"end":{"line":45,"column":6}},"6":{"start":{"line":36,"column":8},"end":{"line":42,"column":9}},"7":{"start":{"line":38,"column":12},"end":{"line":38,"column":36}},"8":{"start":{"line":39,"column":12},"end":{"line":39,"column":20}},"9":{"start":{"line":40,"column":12},"end":{"line":40,"column":21}},"10":{"start":{"line":41,"column":12},"end":{"line":41,"column":26}},"11":{"start":{"line":44,"column":8},"end":{"line":44,"column":21}},"12":{"start":{"line":55,"column":4},"end":{"line":64,"column":6}},"13":{"start":{"line":57,"column":8},"end":{"line":61,"column":9}},"14":{"start":{"line":59,"column":12},"end":{"line":59,"column":20}},"15":{"start":{"line":60,"column":12},"end":{"line":60,"column":37}},"16":{"start":{"line":63,"column":8},"end":{"line":63,"column":21}},"17":{"start":{"line":72,"column":4},"end":{"line":81,"column":6}},"18":{"start":{"line":74,"column":8},"end":{"line":80,"column":9}},"19":{"start":{"line":76,"column":12},"end":{"line":76,"column":32}},"20":{"start":{"line":79,"column":12},"end":{"line":79,"column":21}},"21":{"start":{"line":89,"column":4},"end":{"line":92,"column":6}},"22":{"start":{"line":91,"column":8},"end":{"line":91,"column":47}},"23":{"start":{"line":100,"column":4},"end":{"line":108,"column":6}},"24":{"start":{"line":102,"column":8},"end":{"line":105,"column":9}},"25":{"start":{"line":104,"column":12},"end":{"line":104,"column":24}},"26":{"start":{"line":107,"column":8},"end":{"line":107,"column":21}},"27":{"start":{"line":117,"column":4},"end":{"line":127,"column":6}},"28":{"start":{"line":119,"column":8},"end":{"line":119,"column":24}},"29":{"start":{"line":121,"column":8},"end":{"line":124,"column":9}},"30":{"start":{"line":123,"column":12},"end":{"line":123,"column":42}},"31":{"start":{"line":126,"column":8},"end":{"line":126,"column":22}},"32":{"start":{"line":132,"column":0},"end":{"line":134,"column":2}},"33":{"start":{"line":133,"column":4},"end":{"line":133,"column":23}}},"branchMap":{"1":{"line":36,"type":"if","locations":[{"start":{"line":36,"column":8},"end":{"line":36,"column":8}},{"start":{"line":36,"column":8},"end":{"line":36,"column":8}}]},"2":{"line":57,"type":"if","locations":[{"start":{"line":57,"column":8},"end":{"line":57,"column":8}},{"start":{"line":57,"column":8},"end":{"line":57,"column":8}}]},"3":{"line":74,"type":"if","locations":[{"start":{"line":74,"column":8},"end":{"line":74,"column":8}},{"start":{"line":74,"column":8},"end":{"line":74,"column":8}}]},"4":{"line":102,"type":"if","locations":[{"start":{"line":102,"column":8},"end":{"line":102,"column":8}},{"start":{"line":102,"column":8},"end":{"line":102,"column":8}}]}}},"C:\\Users\\brian\\git\\jatasets\\src\\list.js":{"path":"C:\\Users\\brian\\git\\jatasets\\src\\list.js","s":{"1":1,"2":1,"3":1,"4":1,"5":1,"6":10,"7":10,"8":1,"9":7,"10":31,"11":4,"12":3,"13":1,"14":1,"15":1,"16":1,"17":1,"18":1,"19":1,"20":1,"21":1,"22":12,"23":10,"24":10,"25":2,"26":1,"27":2,"28":2,"29":1,"30":1,"31":1,"32":1,"33":1,"34":3,"35":3,"36":2,"37":2,"38":2,"39":1,"40":1,"41":1,"42":1,"43":1,"44":1,"45":1,"46":1,"47":3,"48":1,"49":1,"50":2,"51":1,"52":3,"53":1,"54":1,"55":2,"56":1,"57":13,"58":1,"59":3,"60":1,"61":3,"62":1,"63":1,"64":2,"65":1,"66":2,"67":1,"68":2,"69":1,"70":1,"71":1,"72":1},"b":{"1":[4,27],"2":[10,2],"3":[1,1],"4":[2,2],"5":[2,1],"6":[1,2],"7":[1,2],"8":[1,2],"9":[3,2],"10":[1,1]},"f":{"1":1,"2":10,"3":7,"4":1,"5":1,"6":1,"7":12,"8":2,"9":3,"10":1,"11":1,"12":3,"13":3,"14":13,"15":3,"16":3,"17":2,"18":2,"19":1},"fnMap":{"1":{"name":"(anonymous_1)","line":14,"loc":{"start":{"line":14,"column":13},"end":{"line":14,"column":25}}},"2":{"name":"append","line":35,"loc":{"start":{"line":35,"column":4},"end":{"line":36,"column":4}}},"3":{"name":"find","line":52,"loc":{"start":{"line":52,"column":4},"end":{"line":53,"column":4}}},"4":{"name":"(anonymous_4)","line":73,"loc":{"start":{"line":73,"column":17},"end":{"line":74,"column":4}}},"5":{"name":"(anonymous_5)","line":87,"loc":{"start":{"line":87,"column":20},"end":{"line":88,"column":4}}},"6":{"name":"(anonymous_6)","line":99,"loc":{"start":{"line":99,"column":18},"end":{"line":100,"column":4}}},"7":{"name":"(anonymous_7)","line":113,"loc":{"start":{"line":113,"column":15},"end":{"line":114,"column":4}}},"8":{"name":"(anonymous_8)","line":134,"loc":{"start":{"line":134,"column":18},"end":{"line":135,"column":4}}},"9":{"name":"(anonymous_9)","line":156,"loc":{"start":{"line":156,"column":18},"end":{"line":157,"column":4}}},"10":{"name":"(anonymous_10)","line":177,"loc":{"start":{"line":177,"column":17},"end":{"line":178,"column":4}}},"11":{"name":"(anonymous_11)","line":190,"loc":{"start":{"line":190,"column":15},"end":{"line":191,"column":4}}},"12":{"name":"(anonymous_12)","line":203,"loc":{"start":{"line":203,"column":16},"end":{"line":204,"column":4}}},"13":{"name":"(anonymous_13)","line":221,"loc":{"start":{"line":221,"column":16},"end":{"line":222,"column":4}}},"14":{"name":"(anonymous_14)","line":239,"loc":{"start":{"line":239,"column":18},"end":{"line":240,"column":4}}},"15":{"name":"(anonymous_15)","line":251,"loc":{"start":{"line":251,"column":19},"end":{"line":252,"column":4}}},"16":{"name":"(anonymous_16)","line":266,"loc":{"start":{"line":266,"column":16},"end":{"line":267,"column":4}}},"17":{"name":"(anonymous_17)","line":284,"loc":{"start":{"line":284,"column":22},"end":{"line":285,"column":4}}},"18":{"name":"(anonymous_18)","line":298,"loc":{"start":{"line":298,"column":20},"end":{"line":299,"column":4}}},"19":{"name":"(anonymous_19)","line":310,"loc":{"start":{"line":310,"column":17},"end":{"line":310,"column":29}}}},"statementMap":{"1":{"start":{"line":14,"column":0},"end":{"line":308,"column":2}},"2":{"start":{"line":17,"column":4},"end":{"line":17,"column":21}},"3":{"start":{"line":20,"column":4},"end":{"line":20,"column":16}},"4":{"start":{"line":23,"column":4},"end":{"line":23,"column":23}},"5":{"start":{"line":35,"column":4},"end":{"line":39,"column":5}},"6":{"start":{"line":37,"column":8},"end":{"line":37,"column":40}},"7":{"start":{"line":38,"column":8},"end":{"line":38,"column":20}},"8":{"start":{"line":52,"column":4},"end":{"line":63,"column":5}},"9":{"start":{"line":54,"column":8},"end":{"line":60,"column":9}},"10":{"start":{"line":56,"column":12},"end":{"line":59,"column":13}},"11":{"start":{"line":58,"column":16},"end":{"line":58,"column":25}},"12":{"start":{"line":62,"column":8},"end":{"line":62,"column":18}},"13":{"start":{"line":73,"column":4},"end":{"line":78,"column":6}},"14":{"start":{"line":75,"column":8},"end":{"line":75,"column":23}},"15":{"start":{"line":76,"column":8},"end":{"line":76,"column":27}},"16":{"start":{"line":77,"column":8},"end":{"line":77,"column":20}},"17":{"start":{"line":87,"column":4},"end":{"line":90,"column":6}},"18":{"start":{"line":89,"column":8},"end":{"line":89,"column":35}},"19":{"start":{"line":99,"column":4},"end":{"line":102,"column":6}},"20":{"start":{"line":101,"column":8},"end":{"line":101,"column":41}},"21":{"start":{"line":113,"column":4},"end":{"line":122,"column":6}},"22":{"start":{"line":115,"column":8},"end":{"line":119,"column":9}},"23":{"start":{"line":117,"column":12},"end":{"line":117,"column":28}},"24":{"start":{"line":118,"column":12},"end":{"line":118,"column":24}},"25":{"start":{"line":121,"column":8},"end":{"line":121,"column":21}},"26":{"start":{"line":134,"column":4},"end":{"line":145,"column":6}},"27":{"start":{"line":136,"column":8},"end":{"line":136,"column":35}},"28":{"start":{"line":137,"column":8},"end":{"line":142,"column":9}},"29":{"start":{"line":139,"column":12},"end":{"line":139,"column":55}},"30":{"start":{"line":140,"column":12},"end":{"line":140,"column":23}},"31":{"start":{"line":141,"column":12},"end":{"line":141,"column":24}},"32":{"start":{"line":144,"column":8},"end":{"line":144,"column":21}},"33":{"start":{"line":156,"column":4},"end":{"line":168,"column":6}},"34":{"start":{"line":158,"column":8},"end":{"line":158,"column":37}},"35":{"start":{"line":160,"column":8},"end":{"line":165,"column":9}},"36":{"start":{"line":162,"column":12},"end":{"line":162,"column":42}},"37":{"start":{"line":163,"column":12},"end":{"line":163,"column":23}},"38":{"start":{"line":164,"column":12},"end":{"line":164,"column":24}},"39":{"start":{"line":167,"column":8},"end":{"line":167,"column":21}},"40":{"start":{"line":177,"column":4},"end":{"line":181,"column":6}},"41":{"start":{"line":179,"column":8},"end":{"line":179,"column":16}},"42":{"start":{"line":180,"column":8},"end":{"line":180,"column":19}},"43":{"start":{"line":190,"column":4},"end":{"line":194,"column":6}},"44":{"start":{"line":192,"column":8},"end":{"line":192,"column":27}},"45":{"start":{"line":193,"column":8},"end":{"line":193,"column":19}},"46":{"start":{"line":203,"column":4},"end":{"line":212,"column":6}},"47":{"start":{"line":205,"column":8},"end":{"line":209,"column":9}},"48":{"start":{"line":207,"column":12},"end":{"line":207,"column":18}},"49":{"start":{"line":208,"column":12},"end":{"line":208,"column":23}},"50":{"start":{"line":211,"column":8},"end":{"line":211,"column":21}},"51":{"start":{"line":221,"column":4},"end":{"line":230,"column":6}},"52":{"start":{"line":223,"column":8},"end":{"line":227,"column":9}},"53":{"start":{"line":225,"column":12},"end":{"line":225,"column":18}},"54":{"start":{"line":226,"column":12},"end":{"line":226,"column":23}},"55":{"start":{"line":229,"column":8},"end":{"line":229,"column":21}},"56":{"start":{"line":239,"column":4},"end":{"line":242,"column":6}},"57":{"start":{"line":241,"column":8},"end":{"line":241,"column":24}},"58":{"start":{"line":251,"column":4},"end":{"line":254,"column":6}},"59":{"start":{"line":253,"column":8},"end":{"line":253,"column":19}},"60":{"start":{"line":266,"column":4},"end":{"line":275,"column":6}},"61":{"start":{"line":268,"column":8},"end":{"line":272,"column":9}},"62":{"start":{"line":270,"column":12},"end":{"line":270,"column":27}},"63":{"start":{"line":271,"column":12},"end":{"line":271,"column":24}},"64":{"start":{"line":274,"column":8},"end":{"line":274,"column":21}},"65":{"start":{"line":284,"column":4},"end":{"line":287,"column":6}},"66":{"start":{"line":286,"column":8},"end":{"line":286,"column":30}},"67":{"start":{"line":298,"column":4},"end":{"line":306,"column":6}},"68":{"start":{"line":300,"column":8},"end":{"line":303,"column":9}},"69":{"start":{"line":302,"column":12},"end":{"line":302,"column":24}},"70":{"start":{"line":305,"column":8},"end":{"line":305,"column":21}},"71":{"start":{"line":310,"column":0},"end":{"line":312,"column":2}},"72":{"start":{"line":311,"column":4},"end":{"line":311,"column":22}}},"branchMap":{"1":{"line":56,"type":"if","locations":[{"start":{"line":56,"column":12},"end":{"line":56,"column":12}},{"start":{"line":56,"column":12},"end":{"line":56,"column":12}}]},"2":{"line":115,"type":"if","locations":[{"start":{"line":115,"column":8},"end":{"line":115,"column":8}},{"start":{"line":115,"column":8},"end":{"line":115,"column":8}}]},"3":{"line":137,"type":"if","locations":[{"start":{"line":137,"column":8},"end":{"line":137,"column":8}},{"start":{"line":137,"column":8},"end":{"line":137,"column":8}}]},"4":{"line":137,"type":"binary-expr","locations":[{"start":{"line":137,"column":12},"end":{"line":137,"column":42}},{"start":{"line":137,"column":46},"end":{"line":137,"column":59}}]},"5":{"line":160,"type":"if","locations":[{"start":{"line":160,"column":8},"end":{"line":160,"column":8}},{"start":{"line":160,"column":8},"end":{"line":160,"column":8}}]},"6":{"line":205,"type":"if","locations":[{"start":{"line":205,"column":8},"end":{"line":205,"column":8}},{"start":{"line":205,"column":8},"end":{"line":205,"column":8}}]},"7":{"line":223,"type":"if","locations":[{"start":{"line":223,"column":8},"end":{"line":223,"column":8}},{"start":{"line":223,"column":8},"end":{"line":223,"column":8}}]},"8":{"line":268,"type":"if","locations":[{"start":{"line":268,"column":8},"end":{"line":268,"column":8}},{"start":{"line":268,"column":8},"end":{"line":268,"column":8}}]},"9":{"line":268,"type":"binary-expr","locations":[{"start":{"line":268,"column":12},"end":{"line":268,"column":24}},{"start":{"line":268,"column":28},"end":{"line":268,"column":53}}]},"10":{"line":300,"type":"if","locations":[{"start":{"line":300,"column":8},"end":{"line":300,"column":8}},{"start":{"line":300,"column":8},"end":{"line":300,"column":8}}]}}},"C:\\Users\\brian\\git\\jatasets\\src\\jataset.js":{"path":"C:\\Users\\brian\\git\\jatasets\\src\\jataset.js","s":{"1":1,"2":5,"3":1,"4":61,"5":5,"6":50,"7":49,"8":49,"9":1,"10":5,"11":2,"12":1,"13":1,"14":1,"15":5,"16":9,"17":5,"18":14,"19":14,"20":5,"21":11,"22":11,"23":27,"24":27,"25":11,"26":5,"27":13,"28":0,"29":0,"30":0,"31":0,"32":0,"33":13,"34":5,"35":1,"36":1,"37":1,"38":1,"39":3,"40":1,"41":1,"42":1,"43":0,"44":1,"45":5,"46":1,"47":1,"48":1,"49":1,"50":3,"51":2,"52":1,"53":5,"54":1,"55":1,"56":1,"57":1,"58":3,"59":1,"60":1,"61":5,"62":3,"63":1,"64":2,"65":2,"66":2,"67":3,"68":1,"69":1,"70":1,"71":2},"b":{"1":[49,1],"2":[1,1],"3":[27,0],"4":[0,13],"5":[2,1],"6":[1,2],"7":[1,2],"8":[1,2]},"f":{"1":5,"2":61,"3":50,"4":2,"5":9,"6":14,"7":11,"8":13,"9":0,"10":1,"11":1,"12":1,"13":3,"14":2},"fnMap":{"1":{"name":"(anonymous_1)","line":22,"loc":{"start":{"line":22,"column":16},"end":{"line":22,"column":28}}},"2":{"name":"exists","line":36,"loc":{"start":{"line":36,"column":4},"end":{"line":37,"column":4}}},"3":{"name":"(anonymous_3)","line":51,"loc":{"start":{"line":51,"column":15},"end":{"line":52,"column":4}}},"4":{"name":"(anonymous_4)","line":71,"loc":{"start":{"line":71,"column":18},"end":{"line":72,"column":4}}},"5":{"name":"(anonymous_5)","line":91,"loc":{"start":{"line":91,"column":15},"end":{"line":92,"column":4}}},"6":{"name":"(anonymous_6)","line":103,"loc":{"start":{"line":103,"column":17},"end":{"line":104,"column":4}}},"7":{"name":"(anonymous_7)","line":116,"loc":{"start":{"line":116,"column":16},"end":{"line":117,"column":4}}},"8":{"name":"(anonymous_8)","line":139,"loc":{"start":{"line":139,"column":18},"end":{"line":140,"column":4}}},"9":{"name":"(anonymous_9)","line":143,"loc":{"start":{"line":143,"column":26},"end":{"line":144,"column":12}}},"10":{"name":"(anonymous_10)","line":168,"loc":{"start":{"line":168,"column":17},"end":{"line":169,"column":4}}},"11":{"name":"(anonymous_11)","line":199,"loc":{"start":{"line":199,"column":24},"end":{"line":200,"column":4}}},"12":{"name":"(anonymous_12)","line":225,"loc":{"start":{"line":225,"column":22},"end":{"line":226,"column":4}}},"13":{"name":"(anonymous_13)","line":251,"loc":{"start":{"line":251,"column":18},"end":{"line":252,"column":4}}},"14":{"name":"(anonymous_14)","line":275,"loc":{"start":{"line":275,"column":17},"end":{"line":275,"column":29}}}},"statementMap":{"1":{"start":{"line":22,"column":0},"end":{"line":273,"column":2}},"2":{"start":{"line":25,"column":4},"end":{"line":25,"column":19}},"3":{"start":{"line":36,"column":4},"end":{"line":39,"column":5}},"4":{"start":{"line":38,"column":8},"end":{"line":38,"column":43}},"5":{"start":{"line":51,"column":4},"end":{"line":60,"column":6}},"6":{"start":{"line":53,"column":8},"end":{"line":57,"column":9}},"7":{"start":{"line":55,"column":12},"end":{"line":55,"column":33}},"8":{"start":{"line":56,"column":12},"end":{"line":56,"column":24}},"9":{"start":{"line":59,"column":8},"end":{"line":59,"column":21}},"10":{"start":{"line":71,"column":4},"end":{"line":80,"column":6}},"11":{"start":{"line":73,"column":8},"end":{"line":77,"column":9}},"12":{"start":{"line":75,"column":12},"end":{"line":75,"column":32}},"13":{"start":{"line":76,"column":12},"end":{"line":76,"column":24}},"14":{"start":{"line":79,"column":8},"end":{"line":79,"column":21}},"15":{"start":{"line":91,"column":4},"end":{"line":94,"column":6}},"16":{"start":{"line":93,"column":8},"end":{"line":93,"column":29}},"17":{"start":{"line":103,"column":4},"end":{"line":107,"column":6}},"18":{"start":{"line":105,"column":8},"end":{"line":105,"column":19}},"19":{"start":{"line":106,"column":8},"end":{"line":106,"column":20}},"20":{"start":{"line":116,"column":4},"end":{"line":129,"column":6}},"21":{"start":{"line":118,"column":8},"end":{"line":118,"column":22}},"22":{"start":{"line":120,"column":8},"end":{"line":126,"column":9}},"23":{"start":{"line":122,"column":12},"end":{"line":125,"column":13}},"24":{"start":{"line":124,"column":16},"end":{"line":124,"column":24}},"25":{"start":{"line":128,"column":8},"end":{"line":128,"column":21}},"26":{"start":{"line":139,"column":4},"end":{"line":158,"column":6}},"27":{"start":{"line":141,"column":8},"end":{"line":157,"column":9}},"28":{"start":{"line":143,"column":12},"end":{"line":153,"column":14}},"29":{"start":{"line":145,"column":16},"end":{"line":145,"column":30}},"30":{"start":{"line":147,"column":16},"end":{"line":150,"column":17}},"31":{"start":{"line":149,"column":20},"end":{"line":149,"column":35}},"32":{"start":{"line":152,"column":16},"end":{"line":152,"column":28}},"33":{"start":{"line":156,"column":12},"end":{"line":156,"column":38}},"34":{"start":{"line":168,"column":4},"end":{"line":189,"column":6}},"35":{"start":{"line":170,"column":8},"end":{"line":170,"column":37}},"36":{"start":{"line":172,"column":8},"end":{"line":172,"column":35}},"37":{"start":{"line":173,"column":8},"end":{"line":173,"column":35}},"38":{"start":{"line":175,"column":8},"end":{"line":178,"column":9}},"39":{"start":{"line":177,"column":12},"end":{"line":177,"column":36}},"40":{"start":{"line":180,"column":8},"end":{"line":180,"column":37}},"41":{"start":{"line":181,"column":8},"end":{"line":181,"column":35}},"42":{"start":{"line":183,"column":8},"end":{"line":186,"column":9}},"43":{"start":{"line":185,"column":12},"end":{"line":185,"column":36}},"44":{"start":{"line":188,"column":8},"end":{"line":188,"column":24}},"45":{"start":{"line":199,"column":4},"end":{"line":215,"column":6}},"46":{"start":{"line":201,"column":8},"end":{"line":201,"column":44}},"47":{"start":{"line":203,"column":8},"end":{"line":203,"column":35}},"48":{"start":{"line":204,"column":8},"end":{"line":204,"column":35}},"49":{"start":{"line":206,"column":8},"end":{"line":212,"column":9}},"50":{"start":{"line":208,"column":12},"end":{"line":211,"column":13}},"51":{"start":{"line":210,"column":16},"end":{"line":210,"column":47}},"52":{"start":{"line":214,"column":8},"end":{"line":214,"column":31}},"53":{"start":{"line":225,"column":4},"end":{"line":241,"column":6}},"54":{"start":{"line":227,"column":8},"end":{"line":227,"column":42}},"55":{"start":{"line":229,"column":8},"end":{"line":229,"column":35}},"56":{"start":{"line":230,"column":8},"end":{"line":230,"column":35}},"57":{"start":{"line":232,"column":8},"end":{"line":238,"column":9}},"58":{"start":{"line":234,"column":12},"end":{"line":237,"column":13}},"59":{"start":{"line":236,"column":16},"end":{"line":236,"column":45}},"60":{"start":{"line":240,"column":8},"end":{"line":240,"column":29}},"61":{"start":{"line":251,"column":4},"end":{"line":271,"column":6}},"62":{"start":{"line":253,"column":8},"end":{"line":270,"column":9}},"63":{"start":{"line":255,"column":12},"end":{"line":255,"column":25}},"64":{"start":{"line":258,"column":12},"end":{"line":258,"column":39}},"65":{"start":{"line":259,"column":12},"end":{"line":259,"column":39}},"66":{"start":{"line":261,"column":12},"end":{"line":267,"column":13}},"67":{"start":{"line":263,"column":16},"end":{"line":266,"column":17}},"68":{"start":{"line":265,"column":20},"end":{"line":265,"column":33}},"69":{"start":{"line":269,"column":12},"end":{"line":269,"column":24}},"70":{"start":{"line":275,"column":0},"end":{"line":277,"column":2}},"71":{"start":{"line":276,"column":4},"end":{"line":276,"column":25}}},"branchMap":{"1":{"line":53,"type":"if","locations":[{"start":{"line":53,"column":8},"end":{"line":53,"column":8}},{"start":{"line":53,"column":8},"end":{"line":53,"column":8}}]},"2":{"line":73,"type":"if","locations":[{"start":{"line":73,"column":8},"end":{"line":73,"column":8}},{"start":{"line":73,"column":8},"end":{"line":73,"column":8}}]},"3":{"line":122,"type":"if","locations":[{"start":{"line":122,"column":12},"end":{"line":122,"column":12}},{"start":{"line":122,"column":12},"end":{"line":122,"column":12}}]},"4":{"line":141,"type":"if","locations":[{"start":{"line":141,"column":8},"end":{"line":141,"column":8}},{"start":{"line":141,"column":8},"end":{"line":141,"column":8}}]},"5":{"line":208,"type":"if","locations":[{"start":{"line":208,"column":12},"end":{"line":208,"column":12}},{"start":{"line":208,"column":12},"end":{"line":208,"column":12}}]},"6":{"line":234,"type":"if","locations":[{"start":{"line":234,"column":12},"end":{"line":234,"column":12}},{"start":{"line":234,"column":12},"end":{"line":234,"column":12}}]},"7":{"line":253,"type":"if","locations":[{"start":{"line":253,"column":8},"end":{"line":253,"column":8}},{"start":{"line":253,"column":8},"end":{"line":253,"column":8}}]},"8":{"line":263,"type":"if","locations":[{"start":{"line":263,"column":16},"end":{"line":263,"column":16}},{"start":{"line":263,"column":16},"end":{"line":263,"column":16}}]}}},"C:\\Users\\brian\\git\\jatasets\\src\\stack.js":{"path":"C:\\Users\\brian\\git\\jatasets\\src\\stack.js","s":{"1":1,"2":1,"3":1,"4":1,"5":1,"6":1,"7":1,"8":2,"9":1,"10":1,"11":1,"12":4,"13":1,"14":8,"15":7,"16":7,"17":1,"18":1,"19":14,"20":1,"21":1},"b":{"1":[1,1],"2":[7,1]},"f":{"1":1,"2":1,"3":2,"4":4,"5":8,"6":14,"7":1},"fnMap":{"1":{"name":"(anonymous_1)","line":14,"loc":{"start":{"line":14,"column":14},"end":{"line":14,"column":26}}},"2":{"name":"(anonymous_2)","line":29,"loc":{"start":{"line":29,"column":17},"end":{"line":30,"column":4}}},"3":{"name":"(anonymous_3)","line":42,"loc":{"start":{"line":42,"column":16},"end":{"line":43,"column":4}}},"4":{"name":"(anonymous_4)","line":59,"loc":{"start":{"line":59,"column":15},"end":{"line":60,"column":4}}},"5":{"name":"(anonymous_5)","line":73,"loc":{"start":{"line":73,"column":16},"end":{"line":74,"column":4}}},"6":{"name":"(anonymous_6)","line":91,"loc":{"start":{"line":91,"column":18},"end":{"line":92,"column":4}}},"7":{"name":"(anonymous_7)","line":99,"loc":{"start":{"line":99,"column":17},"end":{"line":99,"column":29}}}},"statementMap":{"1":{"start":{"line":14,"column":0},"end":{"line":97,"column":2}},"2":{"start":{"line":17,"column":4},"end":{"line":17,"column":16}},"3":{"start":{"line":20,"column":4},"end":{"line":20,"column":23}},"4":{"start":{"line":29,"column":4},"end":{"line":33,"column":6}},"5":{"start":{"line":31,"column":8},"end":{"line":31,"column":16}},"6":{"start":{"line":32,"column":8},"end":{"line":32,"column":20}},"7":{"start":{"line":42,"column":4},"end":{"line":50,"column":6}},"8":{"start":{"line":44,"column":8},"end":{"line":47,"column":9}},"9":{"start":{"line":46,"column":12},"end":{"line":46,"column":38}},"10":{"start":{"line":49,"column":8},"end":{"line":49,"column":21}},"11":{"start":{"line":59,"column":4},"end":{"line":62,"column":6}},"12":{"start":{"line":61,"column":8},"end":{"line":61,"column":32}},"13":{"start":{"line":73,"column":4},"end":{"line":82,"column":6}},"14":{"start":{"line":75,"column":8},"end":{"line":79,"column":9}},"15":{"start":{"line":77,"column":12},"end":{"line":77,"column":39}},"16":{"start":{"line":78,"column":12},"end":{"line":78,"column":24}},"17":{"start":{"line":81,"column":8},"end":{"line":81,"column":21}},"18":{"start":{"line":91,"column":4},"end":{"line":94,"column":6}},"19":{"start":{"line":93,"column":8},"end":{"line":93,"column":19}},"20":{"start":{"line":99,"column":0},"end":{"line":101,"column":2}},"21":{"start":{"line":100,"column":4},"end":{"line":100,"column":23}}},"branchMap":{"1":{"line":44,"type":"if","locations":[{"start":{"line":44,"column":8},"end":{"line":44,"column":8}},{"start":{"line":44,"column":8},"end":{"line":44,"column":8}}]},"2":{"line":75,"type":"if","locations":[{"start":{"line":75,"column":8},"end":{"line":75,"column":8}},{"start":{"line":75,"column":8},"end":{"line":75,"column":8}}]}}},"C:\\Users\\brian\\git\\jatasets\\src\\hash.js":{"path":"C:\\Users\\brian\\git\\jatasets\\src\\hash.js","s":{"1":1,"2":0,"3":0,"4":0,"5":0,"6":1,"7":1,"8":1,"9":0,"10":1,"11":0,"12":0,"13":0,"14":0,"15":1,"16":0,"17":0,"18":0,"19":0,"20":0,"21":0,"22":0,"23":1,"24":0,"25":0,"26":0,"27":0,"28":0,"29":0,"30":0,"31":0,"32":0,"33":0,"34":1,"35":0,"36":0,"37":0,"38":0,"39":0,"40":0,"41":0,"42":0,"43":0,"44":1,"45":0,"46":0,"47":0,"48":1,"49":1},"b":{"1":[0,0],"2":[0,0],"3":[0,0],"4":[0,0],"5":[0,0],"6":[0,0],"7":[0,0],"8":[0,0],"9":[0,0],"10":[0,0]},"f":{"1":0,"2":0,"3":1,"4":0,"5":0,"6":0,"7":0,"8":0,"9":0,"10":1},"fnMap":{"1":{"name":"ValuePair","line":22,"loc":{"start":{"line":22,"column":0},"end":{"line":22,"column":30}}},"2":{"name":"(anonymous_2)","line":26,"loc":{"start":{"line":26,"column":17},"end":{"line":27,"column":1}}},"3":{"name":"Hash","line":37,"loc":{"start":{"line":37,"column":0},"end":{"line":37,"column":16}}},"4":{"name":"(anonymous_4)","line":47,"loc":{"start":{"line":47,"column":17},"end":{"line":48,"column":1}}},"5":{"name":"(anonymous_5)","line":57,"loc":{"start":{"line":57,"column":21},"end":{"line":58,"column":1}}},"6":{"name":"(anonymous_6)","line":76,"loc":{"start":{"line":76,"column":21},"end":{"line":76,"column":41}}},"7":{"name":"(anonymous_7)","line":101,"loc":{"start":{"line":101,"column":21},"end":{"line":102,"column":0}}},"8":{"name":"(anonymous_8)","line":134,"loc":{"start":{"line":134,"column":24},"end":{"line":135,"column":0}}},"9":{"name":"(anonymous_9)","line":164,"loc":{"start":{"line":164,"column":23},"end":{"line":165,"column":0}}},"10":{"name":"(anonymous_10)","line":176,"loc":{"start":{"line":176,"column":17},"end":{"line":176,"column":28}}}},"statementMap":{"1":{"start":{"line":22,"column":0},"end":{"line":30,"column":1}},"2":{"start":{"line":23,"column":1},"end":{"line":23,"column":16}},"3":{"start":{"line":24,"column":1},"end":{"line":24,"column":20}},"4":{"start":{"line":26,"column":1},"end":{"line":29,"column":3}},"5":{"start":{"line":28,"column":2},"end":{"line":28,"column":51}},"6":{"start":{"line":37,"column":0},"end":{"line":68,"column":1}},"7":{"start":{"line":40,"column":4},"end":{"line":40,"column":20}},"8":{"start":{"line":47,"column":1},"end":{"line":50,"column":6}},"9":{"start":{"line":49,"column":8},"end":{"line":49,"column":38}},"10":{"start":{"line":57,"column":1},"end":{"line":67,"column":3}},"11":{"start":{"line":59,"column":3},"end":{"line":59,"column":19}},"12":{"start":{"line":61,"column":2},"end":{"line":64,"column":4}},"13":{"start":{"line":63,"column":2},"end":{"line":63,"column":39}},"14":{"start":{"line":66,"column":3},"end":{"line":66,"column":22}},"15":{"start":{"line":76,"column":0},"end":{"line":94,"column":2}},"16":{"start":{"line":77,"column":1},"end":{"line":77,"column":35}},"17":{"start":{"line":79,"column":1},"end":{"line":93,"column":2}},"18":{"start":{"line":81,"column":2},"end":{"line":81,"column":51}},"19":{"start":{"line":85,"column":2},"end":{"line":85,"column":25}},"20":{"start":{"line":87,"column":2},"end":{"line":90,"column":3}},"21":{"start":{"line":89,"column":3},"end":{"line":89,"column":11}},"22":{"start":{"line":92,"column":2},"end":{"line":92,"column":48}},"23":{"start":{"line":101,"column":0},"end":{"line":127,"column":2}},"24":{"start":{"line":103,"column":1},"end":{"line":103,"column":35}},"25":{"start":{"line":105,"column":1},"end":{"line":124,"column":2}},"26":{"start":{"line":107,"column":2},"end":{"line":123,"column":3}},"27":{"start":{"line":109,"column":3},"end":{"line":109,"column":37}},"28":{"start":{"line":113,"column":3},"end":{"line":113,"column":26}},"29":{"start":{"line":114,"column":3},"end":{"line":117,"column":4}},"30":{"start":{"line":116,"column":4},"end":{"line":116,"column":12}},"31":{"start":{"line":119,"column":3},"end":{"line":122,"column":4}},"32":{"start":{"line":121,"column":4},"end":{"line":121,"column":35}},"33":{"start":{"line":126,"column":1},"end":{"line":126,"column":18}},"34":{"start":{"line":134,"column":0},"end":{"line":158,"column":2}},"35":{"start":{"line":136,"column":1},"end":{"line":136,"column":35}},"36":{"start":{"line":138,"column":1},"end":{"line":157,"column":2}},"37":{"start":{"line":140,"column":2},"end":{"line":156,"column":3}},"38":{"start":{"line":142,"column":3},"end":{"line":142,"column":36}},"39":{"start":{"line":146,"column":3},"end":{"line":146,"column":26}},"40":{"start":{"line":147,"column":3},"end":{"line":150,"column":4}},"41":{"start":{"line":149,"column":4},"end":{"line":149,"column":12}},"42":{"start":{"line":152,"column":3},"end":{"line":155,"column":4}},"43":{"start":{"line":154,"column":4},"end":{"line":154,"column":34}},"44":{"start":{"line":164,"column":0},"end":{"line":173,"column":2}},"45":{"start":{"line":166,"column":1},"end":{"line":172,"column":2}},"46":{"start":{"line":168,"column":2},"end":{"line":171,"column":3}},"47":{"start":{"line":170,"column":3},"end":{"line":170,"column":54}},"48":{"start":{"line":176,"column":0},"end":{"line":178,"column":2}},"49":{"start":{"line":177,"column":1},"end":{"line":177,"column":19}}},"branchMap":{"1":{"line":79,"type":"if","locations":[{"start":{"line":79,"column":1},"end":{"line":79,"column":1}},{"start":{"line":79,"column":1},"end":{"line":79,"column":1}}]},"2":{"line":105,"type":"if","locations":[{"start":{"line":105,"column":1},"end":{"line":105,"column":1}},{"start":{"line":105,"column":1},"end":{"line":105,"column":1}}]},"3":{"line":107,"type":"if","locations":[{"start":{"line":107,"column":2},"end":{"line":107,"column":2}},{"start":{"line":107,"column":2},"end":{"line":107,"column":2}}]},"4":{"line":114,"type":"binary-expr","locations":[{"start":{"line":114,"column":10},"end":{"line":114,"column":43}},{"start":{"line":114,"column":47},"end":{"line":114,"column":76}}]},"5":{"line":119,"type":"if","locations":[{"start":{"line":119,"column":3},"end":{"line":119,"column":3}},{"start":{"line":119,"column":3},"end":{"line":119,"column":3}}]},"6":{"line":138,"type":"if","locations":[{"start":{"line":138,"column":1},"end":{"line":138,"column":1}},{"start":{"line":138,"column":1},"end":{"line":138,"column":1}}]},"7":{"line":140,"type":"if","locations":[{"start":{"line":140,"column":2},"end":{"line":140,"column":2}},{"start":{"line":140,"column":2},"end":{"line":140,"column":2}}]},"8":{"line":147,"type":"binary-expr","locations":[{"start":{"line":147,"column":10},"end":{"line":147,"column":41}},{"start":{"line":147,"column":45},"end":{"line":147,"column":74}}]},"9":{"line":152,"type":"if","locations":[{"start":{"line":152,"column":3},"end":{"line":152,"column":3}},{"start":{"line":152,"column":3},"end":{"line":152,"column":3}}]},"10":{"line":168,"type":"if","locations":[{"start":{"line":168,"column":2},"end":{"line":168,"column":2}},{"start":{"line":168,"column":2},"end":{"line":168,"column":2}}]}}}}