TN:
SF:C:\Users\Brian\git\jatasets\jatasets\index.js
FN:9,(anonymous_1)
FN:13,(anonymous_2)
FN:17,(anonymous_3)
FN:21,(anonymous_4)
FN:25,(anonymous_5)
FNF:5
FNH:5
FNDA:1,(anonymous_1)
FNDA:1,(anonymous_2)
FNDA:1,(anonymous_3)
FNDA:2,(anonymous_4)
FNDA:1,(anonymous_5)
DA:3,1
DA:4,1
DA:5,1
DA:6,1
DA:7,1
DA:9,1
DA:10,1
DA:13,1
DA:14,1
DA:17,1
DA:18,1
DA:21,1
DA:22,2
DA:25,1
DA:26,1
LF:15
LH:15
BRF:0
BRH:0
end_of_record
TN:
SF:C:\Users\Brian\git\jatasets\jatasets\dictionary.js
FN:14,Dictionary
FN:34,(anonymous_2)
FN:56,(anonymous_3)
FN:78,(anonymous_4)
FN:97,(anonymous_5)
FN:124,(anonymous_6)
FN:137,(anonymous_7)
FN:149,(anonymous_8)
FNF:8
FNH:5
FNDA:1,Dictionary
FNDA:4,(anonymous_2)
FNDA:4,(anonymous_3)
FNDA:6,(anonymous_4)
FNDA:0,(anonymous_5)
FNDA:0,(anonymous_6)
FNDA:0,(anonymous_7)
FNDA:1,(anonymous_8)
DA:14,1
DA:17,1
DA:20,1
DA:34,1
DA:36,4
DA:38,3
DA:39,3
DA:40,3
DA:43,1
DA:56,1
DA:58,4
DA:60,3
DA:61,3
DA:62,3
DA:65,1
DA:78,1
DA:80,6
DA:82,5
DA:85,1
DA:97,1
DA:99,0
DA:101,0
DA:103,0
DA:107,0
DA:109,0
DA:113,0
DA:124,1
DA:126,0
DA:137,1
DA:139,0
DA:141,0
DA:142,0
DA:145,0
DA:149,1
DA:150,1
LF:35
LH:24
BRDA:36,1,0,3
BRDA:36,1,1,1
BRDA:58,2,0,3
BRDA:58,2,1,1
BRDA:80,3,0,5
BRDA:80,3,1,1
BRDA:101,4,0,0
BRDA:101,4,1,0
BRDA:139,5,0,0
BRDA:139,5,1,0
BRF:10
BRH:6
end_of_record
TN:
SF:C:\Users\Brian\git\jatasets\jatasets\queue.js
FN:14,(anonymous_1)
FN:35,(anonymous_2)
FN:57,(anonymous_3)
FN:75,(anonymous_4)
FN:94,(anonymous_5)
FN:106,(anonymous_6)
FN:124,(anonymous_7)
FN:138,(anonymous_8)
FNF:8
FNH:8
FNDA:1,(anonymous_1)
FNDA:4,(anonymous_2)
FNDA:3,(anonymous_3)
FNDA:2,(anonymous_4)
FNDA:2,(anonymous_5)
FNDA:4,(anonymous_6)
FNDA:2,(anonymous_7)
FNDA:1,(anonymous_8)
DA:14,1
DA:17,1
DA:20,1
DA:23,1
DA:35,1
DA:37,4
DA:39,3
DA:40,3
DA:41,3
DA:42,3
DA:45,1
DA:57,1
DA:59,3
DA:61,3
DA:62,3
DA:65,0
DA:75,1
DA:77,2
DA:79,2
DA:83,0
DA:94,1
DA:96,2
DA:106,1
DA:108,4
DA:110,2
DA:113,2
DA:124,1
DA:126,2
DA:128,2
DA:130,5
DA:133,2
DA:136,1
DA:138,1
DA:139,1
LF:34
LH:32
BRDA:37,1,0,3
BRDA:37,1,1,1
BRDA:59,2,0,3
BRDA:59,2,1,0
BRDA:77,3,0,2
BRDA:77,3,1,0
BRDA:108,4,0,2
BRDA:108,4,1,2
BRDA:136,5,0,1
BRDA:136,5,1,0
BRF:10
BRH:7
end_of_record
TN:
SF:C:\Users\Brian\git\jatasets\jatasets\list.js
FN:14,(anonymous_1)
FN:34,(anonymous_2)
FN:51,(anonymous_3)
FN:73,(anonymous_4)
FN:88,(anonymous_5)
FN:101,(anonymous_6)
FN:117,(anonymous_7)
FN:150,(anonymous_8)
FN:171,(anonymous_9)
FN:184,(anonymous_10)
FN:197,(anonymous_11)
FN:215,(anonymous_12)
FN:234,(anonymous_13)
FN:247,(anonymous_14)
FN:263,(anonymous_15)
FN:282,(anonymous_16)
FN:297,(anonymous_17)
FN:307,(anonymous_18)
FNF:18
FNH:18
FNDA:1,(anonymous_1)
FNDA:8,(anonymous_2)
FNDA:4,(anonymous_3)
FNDA:1,(anonymous_4)
FNDA:1,(anonymous_5)
FNDA:1,(anonymous_6)
FNDA:9,(anonymous_7)
FNDA:2,(anonymous_8)
FNDA:1,(anonymous_9)
FNDA:1,(anonymous_10)
FNDA:1,(anonymous_11)
FNDA:1,(anonymous_12)
FNDA:12,(anonymous_13)
FNDA:3,(anonymous_14)
FNDA:3,(anonymous_15)
FNDA:2,(anonymous_16)
FNDA:2,(anonymous_17)
FNDA:1,(anonymous_18)
DA:14,1
DA:17,1
DA:20,1
DA:23,1
DA:34,1
DA:36,8
DA:37,8
DA:51,1
DA:53,4
DA:55,18
DA:57,2
DA:61,2
DA:73,1
DA:75,1
DA:76,1
DA:77,1
DA:88,1
DA:90,1
DA:101,1
DA:103,1
DA:117,1
DA:119,9
DA:121,8
DA:123,0
DA:124,0
DA:126,0
DA:127,0
DA:128,0
DA:133,8
DA:137,1
DA:150,1
DA:152,2
DA:154,2
DA:156,1
DA:157,1
DA:158,1
DA:161,1
DA:171,1
DA:173,1
DA:174,1
DA:184,1
DA:186,1
DA:187,1
DA:197,1
DA:199,1
DA:201,1
DA:202,1
DA:205,0
DA:215,1
DA:217,1
DA:219,1
DA:220,1
DA:223,0
DA:234,1
DA:236,12
DA:247,1
DA:249,3
DA:263,1
DA:265,3
DA:267,1
DA:268,1
DA:271,2
DA:282,1
DA:284,2
DA:297,1
DA:299,2
DA:301,1
DA:304,1
DA:307,1
DA:308,1
LF:70
LH:63
BRDA:55,1,0,2
BRDA:55,1,1,16
BRDA:119,2,0,8
BRDA:119,2,1,1
BRDA:121,3,0,0
BRDA:121,3,1,8
BRDA:124,4,0,0
BRDA:124,4,1,0
BRDA:154,5,0,1
BRDA:154,5,1,1
BRDA:199,6,0,1
BRDA:199,6,1,0
BRDA:217,7,0,1
BRDA:217,7,1,0
BRDA:265,8,0,1
BRDA:265,8,1,2
BRDA:265,9,0,3
BRDA:265,9,1,2
BRDA:299,10,0,1
BRDA:299,10,1,1
BRF:20
BRH:15
end_of_record
TN:
SF:C:\Users\Brian\git\jatasets\jatasets\set.js
FN:14,(anonymous_1)
FN:28,(anonymous_2)
FN:46,(anonymous_3)
FN:67,(anonymous_4)
FN:88,(anonymous_5)
FN:101,(anonymous_6)
FN:115,(anonymous_7)
FN:139,(anonymous_8)
FN:160,(anonymous_9)
FN:192,(anonymous_10)
FN:219,(anonymous_11)
FN:246,(anonymous_12)
FN:269,(anonymous_13)
FNF:13
FNH:5
FNDA:2,(anonymous_1)
FNDA:4,(anonymous_2)
FNDA:4,(anonymous_3)
FNDA:0,(anonymous_4)
FNDA:0,(anonymous_5)
FNDA:0,(anonymous_6)
FNDA:5,(anonymous_7)
FNDA:0,(anonymous_8)
FNDA:0,(anonymous_9)
FNDA:0,(anonymous_10)
FNDA:0,(anonymous_11)
FNDA:0,(anonymous_12)
FNDA:2,(anonymous_13)
DA:14,1
DA:17,2
DA:28,2
DA:30,4
DA:46,1
DA:48,4
DA:50,3
DA:51,3
DA:54,1
DA:67,1
DA:69,0
DA:71,0
DA:72,0
DA:75,0
DA:88,1
DA:90,0
DA:101,1
DA:103,0
DA:104,0
DA:115,1
DA:117,5
DA:119,5
DA:121,8
DA:123,8
DA:127,5
DA:139,1
DA:141,0
DA:143,0
DA:145,0
DA:148,0
DA:160,1
DA:162,0
DA:164,0
DA:165,0
DA:167,0
DA:169,0
DA:172,0
DA:173,0
DA:175,0
DA:177,0
DA:180,0
DA:192,1
DA:194,0
DA:196,0
DA:197,0
DA:199,0
DA:201,0
DA:203,0
DA:207,0
DA:219,1
DA:221,0
DA:223,0
DA:224,0
DA:226,0
DA:228,0
DA:230,0
DA:234,0
DA:246,1
DA:248,0
DA:250,0
DA:254,0
DA:255,0
DA:257,0
DA:259,0
DA:261,0
DA:265,0
DA:269,1
DA:270,2
LF:68
LH:25
BRDA:48,1,0,3
BRDA:48,1,1,1
BRDA:69,2,0,0
BRDA:69,2,1,0
BRDA:121,3,0,8
BRDA:121,3,1,0
BRDA:201,4,0,0
BRDA:201,4,1,0
BRDA:228,5,0,0
BRDA:228,5,1,0
BRDA:248,6,0,0
BRDA:248,6,1,0
BRDA:259,7,0,0
BRDA:259,7,1,0
BRF:14
BRH:3
end_of_record
TN:
SF:C:\Users\Brian\git\jatasets\jatasets\stack.js
FN:14,(anonymous_1)
FN:31,(anonymous_2)
FN:45,(anonymous_3)
FN:58,(anonymous_4)
FN:73,(anonymous_5)
FN:92,(anonymous_6)
FN:97,(anonymous_7)
FNF:7
FNH:6
FNDA:1,(anonymous_1)
FNDA:1,(anonymous_2)
FNDA:0,(anonymous_3)
FNDA:4,(anonymous_4)
FNDA:8,(anonymous_5)
FNDA:14,(anonymous_6)
FNDA:1,(anonymous_7)
DA:14,1
DA:17,1
DA:20,1
DA:31,1
DA:33,1
DA:34,1
DA:45,1
DA:47,0
DA:58,1
DA:60,4
DA:73,1
DA:75,8
DA:77,7
DA:78,7
DA:81,1
DA:92,1
DA:94,14
DA:97,1
DA:98,1
LF:19
LH:18
BRDA:75,1,0,7
BRDA:75,1,1,1
BRF:2
BRH:2
end_of_record
