TN:
SF:C:\Users\Brian\git\jatasets\jatasets\index.js
FN:17,(anonymous_1)
FN:22,(anonymous_2)
FN:27,(anonymous_3)
FN:32,(anonymous_4)
FN:37,(anonymous_5)
FNF:5
FNH:5
FNDA:1,(anonymous_1)
FNDA:1,(anonymous_2)
FNDA:1,(anonymous_3)
FNDA:2,(anonymous_4)
FNDA:1,(anonymous_5)
DA:8,1
DA:9,1
DA:10,1
DA:11,1
DA:12,1
DA:17,1
DA:18,1
DA:22,1
DA:23,1
DA:27,1
DA:28,1
DA:32,1
DA:33,2
DA:37,1
DA:38,1
LF:15
LH:15
BRF:0
BRH:0
end_of_record
TN:
SF:C:\Users\Brian\git\jatasets\jatasets\dictionary.js
FN:9,Dictionary
FN:26,(anonymous_2)
FN:45,(anonymous_3)
FN:64,(anonymous_4)
FN:79,(anonymous_5)
FN:89,(anonymous_6)
FN:96,(anonymous_7)
FNF:7
FNH:7
FNDA:1,Dictionary
FNDA:5,(anonymous_2)
FNDA:4,(anonymous_3)
FNDA:6,(anonymous_4)
FNDA:3,(anonymous_5)
FNDA:1,(anonymous_6)
FNDA:1,(anonymous_7)
DA:9,1
DA:12,1
DA:15,1
DA:26,1
DA:28,5
DA:30,4
DA:31,4
DA:32,4
DA:35,1
DA:45,1
DA:47,4
DA:49,3
DA:50,3
DA:51,3
DA:54,1
DA:64,1
DA:66,6
DA:68,5
DA:71,1
DA:79,1
DA:81,3
DA:89,1
DA:91,1
DA:92,1
DA:93,1
DA:96,1
DA:97,1
LF:27
LH:27
BRDA:28,1,0,4
BRDA:28,1,1,1
BRDA:47,2,0,3
BRDA:47,2,1,1
BRDA:66,3,0,5
BRDA:66,3,1,1
BRF:6
BRH:6
end_of_record
TN:
SF:C:\Users\Brian\git\jatasets\jatasets\queue.js
FN:9,(anonymous_1)
FN:30,(anonymous_2)
FN:51,(anonymous_3)
FN:68,(anonymous_4)
FN:86,(anonymous_5)
FN:97,(anonymous_6)
FN:114,(anonymous_7)
FN:126,(anonymous_8)
FNF:8
FNH:8
FNDA:1,(anonymous_1)
FNDA:4,(anonymous_2)
FNDA:4,(anonymous_3)
FNDA:3,(anonymous_4)
FNDA:2,(anonymous_5)
FNDA:4,(anonymous_6)
FNDA:2,(anonymous_7)
FNDA:1,(anonymous_8)
DA:9,1
DA:12,1
DA:15,1
DA:18,1
DA:30,1
DA:32,4
DA:34,3
DA:35,3
DA:36,3
DA:37,3
DA:40,1
DA:51,1
DA:53,4
DA:55,3
DA:56,3
DA:59,1
DA:68,1
DA:70,3
DA:72,2
DA:76,1
DA:86,1
DA:88,2
DA:97,1
DA:99,4
DA:101,2
DA:104,2
DA:114,1
DA:116,2
DA:118,2
DA:120,5
DA:123,2
DA:126,1
DA:127,1
LF:33
LH:33
BRDA:32,1,0,3
BRDA:32,1,1,1
BRDA:53,2,0,3
BRDA:53,2,1,1
BRDA:70,3,0,2
BRDA:70,3,1,1
BRDA:99,4,0,2
BRDA:99,4,1,2
BRF:8
BRH:8
end_of_record
TN:
SF:C:\Users\Brian\git\jatasets\jatasets\list.js
FN:9,List
FN:29,(anonymous_2)
FN:45,(anonymous_3)
FN:66,(anonymous_4)
FN:80,(anonymous_5)
FN:92,(anonymous_6)
FN:106,(anonymous_7)
FN:127,(anonymous_8)
FN:149,(anonymous_9)
FN:170,(anonymous_10)
FN:183,(anonymous_11)
FN:196,(anonymous_12)
FN:214,(anonymous_13)
FN:232,(anonymous_14)
FN:244,(anonymous_15)
FN:259,(anonymous_16)
FN:277,(anonymous_17)
FN:291,(anonymous_18)
FN:301,(anonymous_19)
FNF:19
FNH:19
FNDA:1,List
FNDA:10,(anonymous_2)
FNDA:7,(anonymous_3)
FNDA:1,(anonymous_4)
FNDA:1,(anonymous_5)
FNDA:1,(anonymous_6)
FNDA:12,(anonymous_7)
FNDA:2,(anonymous_8)
FNDA:3,(anonymous_9)
FNDA:1,(anonymous_10)
FNDA:1,(anonymous_11)
FNDA:3,(anonymous_12)
FNDA:3,(anonymous_13)
FNDA:13,(anonymous_14)
FNDA:3,(anonymous_15)
FNDA:3,(anonymous_16)
FNDA:2,(anonymous_17)
FNDA:2,(anonymous_18)
FNDA:1,(anonymous_19)
DA:9,1
DA:12,1
DA:15,1
DA:18,1
DA:29,1
DA:31,10
DA:32,10
DA:45,1
DA:47,7
DA:49,31
DA:51,4
DA:55,3
DA:66,1
DA:68,1
DA:69,1
DA:70,1
DA:80,1
DA:82,1
DA:92,1
DA:94,1
DA:106,1
DA:108,12
DA:110,10
DA:111,10
DA:114,2
DA:127,1
DA:129,2
DA:130,2
DA:132,1
DA:133,1
DA:134,1
DA:137,1
DA:149,1
DA:151,3
DA:153,3
DA:155,2
DA:156,2
DA:157,2
DA:160,1
DA:170,1
DA:172,1
DA:173,1
DA:183,1
DA:185,1
DA:186,1
DA:196,1
DA:198,3
DA:200,1
DA:201,1
DA:204,2
DA:214,1
DA:216,3
DA:218,1
DA:219,1
DA:222,2
DA:232,1
DA:234,13
DA:244,1
DA:246,3
DA:259,1
DA:261,3
DA:263,1
DA:264,1
DA:267,2
DA:277,1
DA:279,2
DA:291,1
DA:293,2
DA:295,1
DA:298,1
DA:301,1
DA:302,1
LF:72
LH:72
BRDA:49,1,0,4
BRDA:49,1,1,27
BRDA:108,2,0,10
BRDA:108,2,1,2
BRDA:130,3,0,1
BRDA:130,3,1,1
BRDA:130,4,0,2
BRDA:130,4,1,2
BRDA:153,5,0,2
BRDA:153,5,1,1
BRDA:198,6,0,1
BRDA:198,6,1,2
BRDA:216,7,0,1
BRDA:216,7,1,2
BRDA:261,8,0,1
BRDA:261,8,1,2
BRDA:261,9,0,3
BRDA:261,9,1,2
BRDA:293,10,0,1
BRDA:293,10,1,1
BRF:20
BRH:20
end_of_record
TN:
SF:C:\Users\Brian\git\jatasets\jatasets\set.js
FN:9,(anonymous_1)
FN:20,(anonymous_2)
FN:35,(anonymous_3)
FN:53,(anonymous_4)
FN:71,(anonymous_5)
FN:81,(anonymous_6)
FN:92,(anonymous_7)
FN:113,(anonymous_8)
FN:131,(anonymous_9)
FN:160,(anonymous_10)
FN:184,(anonymous_11)
FN:208,(anonymous_12)
FN:231,(anonymous_13)
FNF:13
FNH:5
FNDA:2,(anonymous_1)
FNDA:4,(anonymous_2)
FNDA:4,(anonymous_3)
FNDA:0,(anonymous_4)
FNDA:0,(anonymous_5)
FNDA:0,(anonymous_6)
FNDA:5,(anonymous_7)
FNDA:0,(anonymous_8)
FNDA:0,(anonymous_9)
FNDA:0,(anonymous_10)
FNDA:0,(anonymous_11)
FNDA:0,(anonymous_12)
FNDA:2,(anonymous_13)
DA:9,1
DA:12,2
DA:20,2
DA:22,4
DA:35,1
DA:37,4
DA:39,3
DA:40,3
DA:43,1
DA:53,1
DA:55,0
DA:57,0
DA:58,0
DA:61,0
DA:71,1
DA:73,0
DA:81,1
DA:83,0
DA:84,0
DA:92,1
DA:94,5
DA:96,5
DA:98,8
DA:100,8
DA:104,5
DA:113,1
DA:115,0
DA:117,0
DA:119,0
DA:122,0
DA:131,1
DA:133,0
DA:135,0
DA:136,0
DA:138,0
DA:140,0
DA:143,0
DA:144,0
DA:146,0
DA:148,0
DA:151,0
DA:160,1
DA:162,0
DA:164,0
DA:165,0
DA:167,0
DA:169,0
DA:171,0
DA:175,0
DA:184,1
DA:186,0
DA:188,0
DA:189,0
DA:191,0
DA:193,0
DA:195,0
DA:199,0
DA:208,1
DA:210,0
DA:212,0
DA:216,0
DA:217,0
DA:219,0
DA:221,0
DA:223,0
DA:227,0
DA:231,1
DA:232,2
LF:68
LH:25
BRDA:37,1,0,3
BRDA:37,1,1,1
BRDA:55,2,0,0
BRDA:55,2,1,0
BRDA:98,3,0,8
BRDA:98,3,1,0
BRDA:169,4,0,0
BRDA:169,4,1,0
BRDA:193,5,0,0
BRDA:193,5,1,0
BRDA:210,6,0,0
BRDA:210,6,1,0
BRDA:221,7,0,0
BRDA:221,7,1,0
BRF:14
BRH:3
end_of_record
TN:
SF:C:\Users\Brian\git\jatasets\jatasets\stack.js
FN:9,(anonymous_1)
FN:24,(anonymous_2)
FN:35,(anonymous_3)
FN:50,(anonymous_4)
FN:62,(anonymous_5)
FN:78,(anonymous_6)
FN:83,(anonymous_7)
FNF:7
FNH:7
FNDA:1,(anonymous_1)
FNDA:1,(anonymous_2)
FNDA:2,(anonymous_3)
FNDA:4,(anonymous_4)
FNDA:8,(anonymous_5)
FNDA:14,(anonymous_6)
FNDA:1,(anonymous_7)
DA:9,1
DA:12,1
DA:15,1
DA:24,1
DA:26,1
DA:27,1
DA:35,1
DA:37,2
DA:39,1
DA:42,1
DA:50,1
DA:52,4
DA:62,1
DA:64,8
DA:66,7
DA:67,7
DA:70,1
DA:78,1
DA:80,14
DA:83,1
DA:84,1
LF:21
LH:21
BRDA:37,1,0,1
BRDA:37,1,1,1
BRDA:64,2,0,7
BRDA:64,2,1,1
BRF:4
BRH:4
end_of_record
