<?xml version="1.0" ?>
<!DOCTYPE coverage SYSTEM "http://cobertura.sourceforge.net/xml/coverage-04.dtd">
<coverage lines-valid="1" lines-covered="1" line-rate="1" branches-valid="58" branches-covered="0" branch-rate="0" timestamp="1531418330335" complexity="0" version="0.1">
  <sources>
    <source>C:\Users\bbolli\Git\jatasets</source>
  </sources>
  <packages>
    <class name="jatasets.js" filename="dist\jatasets.js" line-rate="1" branch-rate="0">
      <methods>
        <method name="(anonymous_0)" hits="0" signature="()V">
          <lines>
            <line number="1" hits="0"/>
          </lines>
        </method>
        <method name="(anonymous_1)" hits="0" signature="()V">
          <lines>
            <line number="1" hits="0"/>
          </lines>
        </method>
        <method name="(anonymous_2)" hits="0" signature="()V">
          <lines>
            <line number="1" hits="0"/>
          </lines>
        </method>
        <method name="r" hits="0" signature="()V">
          <lines>
            <line number="1" hits="0"/>
          </lines>
        </method>
        <method name="(anonymous_4)" hits="0" signature="()V">
          <lines>
            <line number="1" hits="0"/>
          </lines>
        </method>
        <method name="(anonymous_5)" hits="0" signature="()V">
          <lines>
            <line number="1" hits="0"/>
          </lines>
        </method>
        <method name="(anonymous_6)" hits="0" signature="()V">
          <lines>
            <line number="1" hits="0"/>
          </lines>
        </method>
        <method name="(anonymous_7)" hits="0" signature="()V">
          <lines>
            <line number="1" hits="0"/>
          </lines>
        </method>
        <method name="(anonymous_8)" hits="0" signature="()V">
          <lines>
            <line number="1" hits="0"/>
          </lines>
        </method>
        <method name="(anonymous_9)" hits="0" signature="()V">
          <lines>
            <line number="1" hits="0"/>
          </lines>
        </method>
        <method name="(anonymous_10)" hits="0" signature="()V">
          <lines>
            <line number="1" hits="0"/>
          </lines>
        </method>
        <method name="(anonymous_11)" hits="0" signature="()V">
          <lines>
            <line number="1" hits="0"/>
          </lines>
        </method>
        <method name="e" hits="0" signature="()V">
          <lines>
            <line number="1" hits="0"/>
          </lines>
        </method>
        <method name="(anonymous_13)" hits="0" signature="()V">
          <lines>
            <line number="1" hits="0"/>
          </lines>
        </method>
        <method name="(anonymous_14)" hits="0" signature="()V">
          <lines>
            <line number="1" hits="0"/>
          </lines>
        </method>
        <method name="(anonymous_15)" hits="0" signature="()V">
          <lines>
            <line number="1" hits="0"/>
          </lines>
        </method>
        <method name="(anonymous_16)" hits="0" signature="()V">
          <lines>
            <line number="1" hits="0"/>
          </lines>
        </method>
        <method name="e" hits="0" signature="()V">
          <lines>
            <line number="1" hits="0"/>
          </lines>
        </method>
        <method name="(anonymous_18)" hits="0" signature="()V">
          <lines>
            <line number="1" hits="0"/>
          </lines>
        </method>
        <method name="(anonymous_19)" hits="0" signature="()V">
          <lines>
            <line number="1" hits="0"/>
          </lines>
        </method>
        <method name="(anonymous_20)" hits="0" signature="()V">
          <lines>
            <line number="1" hits="0"/>
          </lines>
        </method>
        <method name="(anonymous_21)" hits="0" signature="()V">
          <lines>
            <line number="1" hits="0"/>
          </lines>
        </method>
        <method name="(anonymous_22)" hits="0" signature="()V">
          <lines>
            <line number="1" hits="0"/>
          </lines>
        </method>
        <method name="(anonymous_23)" hits="0" signature="()V">
          <lines>
            <line number="1" hits="0"/>
          </lines>
        </method>
        <method name="(anonymous_24)" hits="0" signature="()V">
          <lines>
            <line number="1" hits="0"/>
          </lines>
        </method>
        <method name="(anonymous_25)" hits="0" signature="()V">
          <lines>
            <line number="1" hits="0"/>
          </lines>
        </method>
        <method name="(anonymous_26)" hits="0" signature="()V">
          <lines>
            <line number="1" hits="0"/>
          </lines>
        </method>
        <method name="e" hits="0" signature="()V">
          <lines>
            <line number="1" hits="0"/>
          </lines>
        </method>
        <method name="(anonymous_28)" hits="0" signature="()V">
          <lines>
            <line number="1" hits="0"/>
          </lines>
        </method>
        <method name="(anonymous_29)" hits="0" signature="()V">
          <lines>
            <line number="1" hits="0"/>
          </lines>
        </method>
        <method name="(anonymous_30)" hits="0" signature="()V">
          <lines>
            <line number="1" hits="0"/>
          </lines>
        </method>
        <method name="(anonymous_31)" hits="0" signature="()V">
          <lines>
            <line number="1" hits="0"/>
          </lines>
        </method>
        <method name="(anonymous_32)" hits="0" signature="()V">
          <lines>
            <line number="1" hits="0"/>
          </lines>
        </method>
        <method name="(anonymous_33)" hits="0" signature="()V">
          <lines>
            <line number="1" hits="0"/>
          </lines>
        </method>
        <method name="(anonymous_34)" hits="0" signature="()V">
          <lines>
            <line number="1" hits="0"/>
          </lines>
        </method>
        <method name="n" hits="0" signature="()V">
          <lines>
            <line number="1" hits="0"/>
          </lines>
        </method>
      </methods>
      <lines>
        <line number="1" hits="1" branch="true" condition-coverage="0% (0/58)"/>
      </lines>
    </class>
  </packages>
</coverage>
