TN:
SF:C:\Users\brian\git\jatasets\dist\jatasets.js
FN:1,(anonymous_0)
FN:6,__webpack_require__
FN:37,(anonymous_2)
FN:48,(anonymous_3)
FN:50,getDefault
FN:51,getModuleExports
FN:57,(anonymous_6)
FN:68,(anonymous_7)
FN:72,__export
FN:83,(anonymous_9)
FN:88,(anonymous_10)
FN:89,Stack
FN:94,(anonymous_12)
FN:102,(anonymous_13)
FN:109,(anonymous_14)
FN:119,(anonymous_15)
FN:123,(anonymous_16)
FN:133,(anonymous_17)
FN:140,(anonymous_18)
FN:145,(anonymous_19)
FN:146,Queue
FN:151,(anonymous_21)
FN:162,(anonymous_22)
FN:169,(anonymous_23)
FN:176,(anonymous_24)
FN:183,(anonymous_25)
FN:190,(anonymous_26)
FN:193,(anonymous_27)
FN:207,(anonymous_28)
FN:212,(anonymous_29)
FN:213,Trie
FN:216,(anonymous_31)
FN:248,(anonymous_32)
FNF:33
FNH:10
FNDA:1,(anonymous_0)
FNDA:4,__webpack_require__
FNDA:0,(anonymous_2)
FNDA:0,(anonymous_3)
FNDA:0,getDefault
FNDA:0,getModuleExports
FNDA:0,(anonymous_6)
FNDA:1,(anonymous_7)
FNDA:3,__export
FNDA:1,(anonymous_9)
FNDA:1,(anonymous_10)
FNDA:0,Stack
FNDA:0,(anonymous_12)
FNDA:0,(anonymous_13)
FNDA:0,(anonymous_14)
FNDA:0,(anonymous_15)
FNDA:0,(anonymous_16)
FNDA:0,(anonymous_17)
FNDA:1,(anonymous_18)
FNDA:1,(anonymous_19)
FNDA:0,Queue
FNDA:0,(anonymous_21)
FNDA:0,(anonymous_22)
FNDA:0,(anonymous_23)
FNDA:0,(anonymous_24)
FNDA:0,(anonymous_25)
FNDA:0,(anonymous_26)
FNDA:0,(anonymous_27)
FNDA:1,(anonymous_28)
FNDA:1,(anonymous_29)
FNDA:0,Trie
FNDA:0,(anonymous_31)
FNDA:0,(anonymous_32)
DA:1,1
DA:3,1
DA:9,4
DA:10,0
DA:13,4
DA:20,4
DA:23,4
DA:26,4
DA:31,1
DA:34,1
DA:37,1
DA:38,0
DA:39,0
DA:48,1
DA:49,0
DA:50,0
DA:51,0
DA:52,0
DA:53,0
DA:57,1
DA:60,1
DA:63,1
DA:73,4
DA:75,1
DA:76,1
DA:77,1
DA:78,1
DA:87,1
DA:88,1
DA:90,0
DA:91,0
DA:92,0
DA:94,1
DA:95,0
DA:96,0
DA:97,0
DA:99,0
DA:100,0
DA:102,1
DA:103,0
DA:104,0
DA:105,0
DA:107,0
DA:109,1
DA:110,0
DA:111,0
DA:113,0
DA:114,0
DA:115,0
DA:117,0
DA:119,1
DA:120,0
DA:121,0
DA:123,1
DA:124,0
DA:125,0
DA:126,0
DA:128,0
DA:130,1
DA:132,1
DA:133,1
DA:134,0
DA:144,1
DA:145,1
DA:147,0
DA:148,0
DA:149,0
DA:151,1
DA:152,0
DA:153,0
DA:155,0
DA:156,0
DA:157,0
DA:159,0
DA:160,0
DA:162,1
DA:163,0
DA:164,0
DA:165,0
DA:167,0
DA:169,1
DA:170,0
DA:171,0
DA:172,0
DA:174,0
DA:176,1
DA:177,0
DA:178,0
DA:179,0
DA:181,0
DA:183,1
DA:184,0
DA:185,0
DA:186,0
DA:188,0
DA:190,1
DA:191,0
DA:193,1
DA:194,0
DA:195,0
DA:196,0
DA:198,0
DA:200,1
DA:202,1
DA:211,1
DA:212,1
DA:214,0
DA:216,1
DA:218,0
DA:219,0
DA:221,0
DA:222,0
DA:224,0
DA:225,0
DA:227,0
DA:228,0
DA:229,0
DA:232,0
DA:236,0
DA:240,0
DA:242,0
DA:244,0
DA:245,0
DA:248,1
DA:250,0
DA:251,0
DA:253,0
DA:255,0
DA:256,0
DA:257,0
DA:258,0
DA:262,0
DA:263,0
DA:268,0
DA:270,1
DA:272,1
LF:136
LH:46
BRDA:9,0,0,0
BRDA:9,0,1,4
BRDA:38,1,0,0
BRDA:38,1,1,0
BRDA:50,2,0,0
BRDA:50,2,1,0
BRDA:49,3,0,0
BRDA:49,3,1,0
BRDA:73,4,0,4
BRDA:73,4,1,0
BRDA:96,5,0,0
BRDA:96,5,1,0
BRDA:96,6,0,0
BRDA:96,6,1,0
BRDA:104,7,0,0
BRDA:104,7,1,0
BRDA:110,8,0,0
BRDA:110,8,1,0
BRDA:114,9,0,0
BRDA:114,9,1,0
BRDA:125,10,0,0
BRDA:125,10,1,0
BRDA:152,11,0,0
BRDA:152,11,1,0
BRDA:156,12,0,0
BRDA:156,12,1,0
BRDA:164,13,0,0
BRDA:164,13,1,0
BRDA:164,14,0,0
BRDA:164,14,1,0
BRDA:171,15,0,0
BRDA:171,15,1,0
BRDA:178,16,0,0
BRDA:178,16,1,0
BRDA:178,17,0,0
BRDA:178,17,1,0
BRDA:185,18,0,0
BRDA:185,18,1,0
BRDA:195,19,0,0
BRDA:195,19,1,0
BRDA:224,20,0,0
BRDA:224,20,1,0
BRDA:255,21,0,0
BRDA:255,21,1,0
BRDA:262,22,0,0
BRDA:262,22,1,0
BRDA:262,23,0,0
BRDA:262,23,1,0
BRF:48
BRH:2
end_of_record
